Using pre-set license
Built from '2020.3/staging' branch; Version is '2020.3.18f1 (a7d1c678663c) revision 10998214'; Using compiler version '192528614'; Build Type 'Release'
OS: 'Windows 10 Home; OS build 22621.1105; Version 2009; 64bit' Language: 'en' Physical Memory: 16068 MB
BatchMode: 1, IsHumanControllingUs: 0, StartBugReporterOnCrash: 0, Is64bit: 1, IsPro: 0

COMMAND LINE ARGUMENTS:
C:\Program Files\Unity\Hub\Editor\2020.3.18f1\Editor\Unity.exe
-adb2
-batchMode
-noUpm
-name
AssetImportWorker0
-projectPath
C:/Users/danie/OneDrive/Documents/GitHub/Programing-lab/Programming lab
-logFile
Logs/AssetImportWorker0.log
-srvPort
52163
Successfully changed project path to: C:/Users/danie/OneDrive/Documents/GitHub/Programing-lab/Programming lab
C:/Users/danie/OneDrive/Documents/GitHub/Programing-lab/Programming lab
Using Asset Import Pipeline V2.
Refreshing native plugins compatible for Editor in 19.85 ms, found 2 plugins.
Preloading 0 native plugins for Editor in 0.00 ms.
Initialize engine version: 2020.3.18f1 (a7d1c678663c)
[Subsystems] Discovering subsystems at path C:/Program Files/Unity/Hub/Editor/2020.3.18f1/Editor/Data/Resources/UnitySubsystems
[Subsystems] Discovering subsystems at path C:/Users/danie/OneDrive/Documents/GitHub/Programing-lab/Programming lab/Assets
GfxDevice: creating device client; threaded=0
Direct3D:
    Version:  Direct3D 11.0 [level 11.1]
    Renderer: NVIDIA GeForce RTX 3060 Laptop GPU (ID=0x2560)
    Vendor:   
    VRAM:     6009 MB
    Driver:   31.0.15.2756
Initialize mono
Mono path[0] = 'C:/Program Files/Unity/Hub/Editor/2020.3.18f1/Editor/Data/Managed'
Mono path[1] = 'C:/Program Files/Unity/Hub/Editor/2020.3.18f1/Editor/Data/MonoBleedingEdge/lib/mono/unityjit'
Mono config path = 'C:/Program Files/Unity/Hub/Editor/2020.3.18f1/Editor/Data/MonoBleedingEdge/etc'
Using monoOptions --debugger-agent=transport=dt_socket,embedding=1,server=y,suspend=n,address=127.0.0.1:56696
Begin MonoManager ReloadAssembly
Registering precompiled unity dll's ...
Register platform support module: C:/Program Files/Unity/Hub/Editor/2020.3.18f1/Editor/Data/PlaybackEngines/WindowsStandaloneSupport/UnityEditor.WindowsStandalone.Extensions.dll
Registered in 0.001410 seconds.
Native extension for WindowsStandalone target not found
Refreshing native plugins compatible for Editor in 17.14 ms, found 2 plugins.
Preloading 0 native plugins for Editor in 0.00 ms.
Mono: successfully reloaded assembly
- Completed reload, in  0.721 seconds
Domain Reload Profiling:
	ReloadAssembly (721ms)
		BeginReloadAssembly (34ms)
			ExecutionOrderSort (0ms)
			DisableScriptedObjects (0ms)
			BackupInstance (0ms)
			ReleaseScriptingObjects (0ms)
			CreateAndSetChildDomain (1ms)
		EndReloadAssembly (254ms)
			LoadAssemblies (32ms)
			RebuildTransferFunctionScriptingTraits (0ms)
			SetupTypeCache (94ms)
			ReleaseScriptCaches (0ms)
			RebuildScriptCaches (18ms)
			SetupLoadedEditorAssemblies (98ms)
				LogAssemblyErrors (0ms)
				InitializePlatformSupportModulesInManaged (3ms)
				SetLoadedEditorAssemblies (0ms)
				RefreshPlugins (17ms)
				BeforeProcessingInitializeOnLoad (9ms)
				ProcessInitializeOnLoadAttributes (51ms)
				ProcessInitializeOnLoadMethodAttributes (18ms)
				AfterProcessingInitializeOnLoad (0ms)
				EditorAssembliesLoaded (0ms)
			ExecutionOrderSort2 (0ms)
			AwakeInstancesAfterBackupRestoration (0ms)
Platform modules already initialized, skipping
Registering precompiled user dll's ...
Registered in 0.002497 seconds.
Begin MonoManager ReloadAssembly
Native extension for WindowsStandalone target not found
Refreshing native plugins compatible for Editor in 0.21 ms, found 2 plugins.
Preloading 0 native plugins for Editor in 0.00 ms.
Mono: successfully reloaded assembly
- Completed reload, in  0.609 seconds
Domain Reload Profiling:
	ReloadAssembly (610ms)
		BeginReloadAssembly (95ms)
			ExecutionOrderSort (0ms)
			DisableScriptedObjects (3ms)
			BackupInstance (0ms)
			ReleaseScriptingObjects (0ms)
			CreateAndSetChildDomain (13ms)
		EndReloadAssembly (476ms)
			LoadAssemblies (59ms)
			RebuildTransferFunctionScriptingTraits (0ms)
			SetupTypeCache (155ms)
			ReleaseScriptCaches (0ms)
			RebuildScriptCaches (24ms)
			SetupLoadedEditorAssemblies (189ms)
				LogAssemblyErrors (0ms)
				InitializePlatformSupportModulesInManaged (3ms)
				SetLoadedEditorAssemblies (0ms)
				RefreshPlugins (0ms)
				BeforeProcessingInitializeOnLoad (48ms)
				ProcessInitializeOnLoadAttributes (131ms)
				ProcessInitializeOnLoadMethodAttributes (3ms)
				AfterProcessingInitializeOnLoad (3ms)
				EditorAssembliesLoaded (0ms)
			ExecutionOrderSort2 (0ms)
			AwakeInstancesAfterBackupRestoration (4ms)
Platform modules already initialized, skipping
========================================================================
Worker process is ready to serve import requests
Launched and connected shader compiler UnityShaderCompiler.exe after 0.19 seconds
Refreshing native plugins compatible for Editor in 0.24 ms, found 2 plugins.
Preloading 0 native plugins for Editor in 0.00 ms.
Unloading 1396 Unused Serialized files (Serialized files now loaded: 0)
System memory in use before: 64.8 MB.
System memory in use after: 64.9 MB.

Unloading 16 unused Assets to reduce memory usage. Loaded Objects now: 1831.
Total: 2.042500 ms (FindLiveObjects: 0.091600 ms CreateObjectMapping: 0.025800 ms MarkObjects: 1.868100 ms  DeleteObjects: 0.056000 ms)

AssetImportParameters requested are different than current active one (requested -> active):
  custom:framework-win-MediaFoundation: 216162199b28c13a410421893ffa2e32 -> 
  custom:video-decoder-ogg-theora: a1e56fd34408186e4bbccfd4996cb3dc -> 
  custom:container-muxer-webm: aa71ff27fc2769a1b78a27578f13a17b -> 
  custom:container-demuxer-webm: 4f35f7cbe854078d1ac9338744f61a02 -> 
  custom:container-demuxer-ogg: 62fdf1f143b41e24485cea50d1cbac27 -> 
  custom:video-encoder-webm-vp8: eb34c28f22e8b96e1ab97ce403110664 -> 
  custom:video-codec-MediaFoundation-h265: 746d11721c4dcdbdad8f713fa42b33f4 -> 
  custom:video-decoder-webm-vp8: 9c59270c3fd7afecdb556c50c9e8de78 -> 
  custom:audio-decoder-ogg-vorbis: bf7c407c2cedff20999df2af8eb42d56 -> 
  custom:audio-encoder-webm-vorbis: bf7c407c2cedff20999df2af8eb42d56 -> 
========================================================================
Received Import Request.
  path: Assets
  artifactKey: Guid(00000000000000001000000000000000) Importer(815301076,1909f56bfc062723c751e8b465ee728b)
Start importing Assets using Guid(00000000000000001000000000000000) Importer(815301076,1909f56bfc062723c751e8b465ee728b)  -> (artifact id: '42d402b061de3733987d63b9cc3b64de') in 0.003576 seconds 
  Import took 0.005408 seconds .

========================================================================
Received Import Request.
  Time since last request: 0.000211 seconds.
  path: Assets/Scenes
  artifactKey: Guid(2c4119a72fa4c834dae573c6fb364f71) Importer(815301076,1909f56bfc062723c751e8b465ee728b)
Start importing Assets/Scenes using Guid(2c4119a72fa4c834dae573c6fb364f71) Importer(815301076,1909f56bfc062723c751e8b465ee728b)  -> (artifact id: '20fbf445086f1d1776862f02e71f6acc') in 0.001579 seconds 
  Import took 0.003232 seconds .

========================================================================
Received Import Request.
  Time since last request: 6.250624 seconds.
  path: Assets/scripts
  artifactKey: Guid(6c5f521bca4909841962b3efe5a83ec5) Importer(815301076,1909f56bfc062723c751e8b465ee728b)
Start importing Assets/scripts using Guid(6c5f521bca4909841962b3efe5a83ec5) Importer(815301076,1909f56bfc062723c751e8b465ee728b)  -> (artifact id: '76f659ab4bb7765a39156bae568c4b89') in 0.002783 seconds 
  Import took 0.005624 seconds .

========================================================================
Received Import Request.
  Time since last request: 18.761318 seconds.
  path: Assets/Materials
  artifactKey: Guid(0e5e240740eb3bf49a838aa7b99d31b7) Importer(815301076,1909f56bfc062723c751e8b465ee728b)
Start importing Assets/Materials using Guid(0e5e240740eb3bf49a838aa7b99d31b7) Importer(815301076,1909f56bfc062723c751e8b465ee728b)  -> (artifact id: 'a192baeb2e1a9f93659f0351bd95b803') in 0.001990 seconds 
  Import took 0.003983 seconds .

========================================================================
Received Import Request.
  Time since last request: 26.365040 seconds.
  path: Assets/New Folder
  artifactKey: Guid(61154863e0d4b944d815d275b52c8d90) Importer(815301076,1909f56bfc062723c751e8b465ee728b)
Start importing Assets/New Folder using Guid(61154863e0d4b944d815d275b52c8d90) Importer(815301076,1909f56bfc062723c751e8b465ee728b)  -> (artifact id: '45d28e2a2d4a673635e8cfa5b4df8841') in 0.003409 seconds 
  Import took 0.006066 seconds .

========================================================================
Received Import Request.
  Time since last request: 0.002826 seconds.
  path: Assets/New Folder
  artifactKey: Guid(61154863e0d4b944d815d275b52c8d90) Importer(815301076,1909f56bfc062723c751e8b465ee728b)
Start importing Assets/New Folder using Guid(61154863e0d4b944d815d275b52c8d90) Importer(815301076,1909f56bfc062723c751e8b465ee728b)  -> (artifact id: '45d28e2a2d4a673635e8cfa5b4df8841') in 0.001657 seconds 
  Import took 0.003664 seconds .

========================================================================
Received Import Request.
  Time since last request: 20.878852 seconds.
  path: Assets/imports
  artifactKey: Guid(f7d63f5827896f345ae58fae084541b0) Importer(815301076,1909f56bfc062723c751e8b465ee728b)
Start importing Assets/imports using Guid(f7d63f5827896f345ae58fae084541b0) Importer(815301076,1909f56bfc062723c751e8b465ee728b)  -> (artifact id: '7e70f388246730dbcb2bc91623c26cac') in 0.001834 seconds 
  Import took 0.003657 seconds .

========================================================================
Received Import Request.
  Time since last request: 48.017144 seconds.
  path: Packages/com.unity.ext.nunit
  artifactKey: Guid(25a477c2f24db8778a4179421a32cc21) Importer(815301076,1909f56bfc062723c751e8b465ee728b)
Start importing Packages/com.unity.ext.nunit using Guid(25a477c2f24db8778a4179421a32cc21) Importer(815301076,1909f56bfc062723c751e8b465ee728b)  -> (artifact id: 'de8b3f671dc9f0a57b867a67d4aae8de') in 0.003414 seconds 
  Import took 0.006071 seconds .

========================================================================
Received Import Request.
  Time since last request: 0.000958 seconds.
  path: Packages/com.unity.ext.nunit
  artifactKey: Guid(25a477c2f24db8778a4179421a32cc21) Importer(815301076,1909f56bfc062723c751e8b465ee728b)
Start importing Packages/com.unity.ext.nunit using Guid(25a477c2f24db8778a4179421a32cc21) Importer(815301076,1909f56bfc062723c751e8b465ee728b)  -> (artifact id: 'de8b3f671dc9f0a57b867a67d4aae8de') in 0.002895 seconds 
  Import took 0.005640 seconds .

========================================================================
Received Import Request.
  Time since last request: 3.950492 seconds.
  path: Packages/com.unity.ext.nunit/package.json
  artifactKey: Guid(8143d3a8390f2c64685e3bc272bd9e90) Importer(815301076,1909f56bfc062723c751e8b465ee728b)
Start importing Packages/com.unity.ext.nunit/package.json using Guid(8143d3a8390f2c64685e3bc272bd9e90) Importer(815301076,1909f56bfc062723c751e8b465ee728b)  -> (artifact id: '36f449bd9ed4a92e06d659da724da745') in 0.019588 seconds 
  Import took 0.021345 seconds .

========================================================================
Received Import Request.
  Time since last request: 16.179799 seconds.
  path: Packages/com.unity.ide.rider/package.json
  artifactKey: Guid(66c95bb3c74257f41bae2622511dc02d) Importer(815301076,1909f56bfc062723c751e8b465ee728b)
Start importing Packages/com.unity.ide.rider/package.json using Guid(66c95bb3c74257f41bae2622511dc02d) Importer(815301076,1909f56bfc062723c751e8b465ee728b)  -> (artifact id: 'ff96f7b61e94a0dc9b975679be81ead9') in 0.002461 seconds 
  Import took 0.005226 seconds .

========================================================================
Received Import Request.
  Time since last request: 1.505800 seconds.
  path: Packages/com.unity.ide.rider/Rider
  artifactKey: Guid(9129183a42052cd43b9c284d6dbd541e) Importer(815301076,1909f56bfc062723c751e8b465ee728b)
Start importing Packages/com.unity.ide.rider/Rider using Guid(9129183a42052cd43b9c284d6dbd541e) Importer(815301076,1909f56bfc062723c751e8b465ee728b)  -> (artifact id: 'b0ed37780721ec38efc2f48758039c53') in 0.001922 seconds 
  Import took 0.004001 seconds .

========================================================================
Received Import Request.
  Time since last request: 202.159388 seconds.
  path: Assets/Materials/Character
  artifactKey: Guid(a83162c0f145587449dc9223a10d5df4) Importer(815301076,1909f56bfc062723c751e8b465ee728b)
Start importing Assets/Materials/Character using Guid(a83162c0f145587449dc9223a10d5df4) Importer(815301076,1909f56bfc062723c751e8b465ee728b)  -> (artifact id: '7fc8b71aef425d1643cb489716079554') in 0.002828 seconds 
  Import took 0.005019 seconds .

========================================================================
Received Import Request.
  Time since last request: 0.002414 seconds.
  path: Assets/Materials/Character
  artifactKey: Guid(a83162c0f145587449dc9223a10d5df4) Importer(815301076,1909f56bfc062723c751e8b465ee728b)
Start importing Assets/Materials/Character using Guid(a83162c0f145587449dc9223a10d5df4) Importer(815301076,1909f56bfc062723c751e8b465ee728b)  -> (artifact id: '7fc8b71aef425d1643cb489716079554') in 0.001614 seconds 
  Import took 0.003252 seconds .

========================================================================
Received Import Request.
  Time since last request: 0.069877 seconds.
  path: Assets/Materials/Character/Character.fbx
  artifactKey: Guid(caf5a80f2a1457642b7b0bbbaa203f01) Importer(815301076,1909f56bfc062723c751e8b465ee728b)
Start importing Assets/Materials/Character/Character.fbx using Guid(caf5a80f2a1457642b7b0bbbaa203f01) Importer(815301076,1909f56bfc062723c751e8b465ee728b)  -> (artifact id: '0e7bb7c9d88ff497e19f5175672ff390') in 0.310743 seconds 
  Import took 0.312960 seconds .

========================================================================
Received Import Request.
  Time since last request: 0.000260 seconds.
  path: Assets/Materials/Character/Character.obj
  artifactKey: Guid(1bdb2ed9c1114f24d82fa2c666863682) Importer(815301076,1909f56bfc062723c751e8b465ee728b)
Start importing Assets/Materials/Character/Character.obj using Guid(1bdb2ed9c1114f24d82fa2c666863682) Importer(815301076,1909f56bfc062723c751e8b465ee728b)  -> (artifact id: '5f8382b5df566f902c9292f2f6e227fc') in 0.052047 seconds 
  Import took 0.053782 seconds .

========================================================================
Received Import Request.
  Time since last request: 12.616622 seconds.
  path: Assets/Materials/Enemies
  artifactKey: Guid(1924ff8433776b7468f18de470d3693b) Importer(815301076,1909f56bfc062723c751e8b465ee728b)
Start importing Assets/Materials/Enemies using Guid(1924ff8433776b7468f18de470d3693b) Importer(815301076,1909f56bfc062723c751e8b465ee728b)  -> (artifact id: 'bb6dbc975c8904b334c0f47e1bb64f7e') in 0.002096 seconds 
  Import took 0.003753 seconds .

========================================================================
Received Import Request.
  Time since last request: 0.087404 seconds.
  path: Assets/Materials/Enemies/Enemy_2Legs.fbx
  artifactKey: Guid(bf20dc3d318337847add0589884e42a7) Importer(815301076,1909f56bfc062723c751e8b465ee728b)
Start importing Assets/Materials/Enemies/Enemy_2Legs.fbx using Guid(bf20dc3d318337847add0589884e42a7) Importer(815301076,1909f56bfc062723c751e8b465ee728b)  -> (artifact id: '312ccc63428e9a3501c61bb32e942e25') in 0.041466 seconds 
  Import took 0.043391 seconds .

========================================================================
Received Import Request.
  Time since last request: 0.000331 seconds.
  path: Assets/Materials/Enemies/Turret_Cannon.obj
  artifactKey: Guid(a35cb1eacadf0b04a9bd86a65718964a) Importer(815301076,1909f56bfc062723c751e8b465ee728b)
Start importing Assets/Materials/Enemies/Turret_Cannon.obj using Guid(a35cb1eacadf0b04a9bd86a65718964a) Importer(815301076,1909f56bfc062723c751e8b465ee728b)  -> (artifact id: '138d4119005f18073fc19862c1814702') in 0.050981 seconds 
  Import took 0.052700 seconds .

========================================================================
Received Import Request.
  Time since last request: 0.000355 seconds.
  path: Assets/Materials/Enemies/Turret_Teleporter.fbx
  artifactKey: Guid(cef1a3c58d26dcf4391d1806373a39b4) Importer(815301076,1909f56bfc062723c751e8b465ee728b)
Start importing Assets/Materials/Enemies/Turret_Teleporter.fbx using Guid(cef1a3c58d26dcf4391d1806373a39b4) Importer(815301076,1909f56bfc062723c751e8b465ee728b)  -> (artifact id: '32b7145995d5a0f20d13759c6e637fc0') in 0.043844 seconds 
  Import took 0.045910 seconds .

========================================================================
Received Import Request.
  Time since last request: 0.000298 seconds.
  path: Assets/Materials/Enemies/Turret_GunDouble.obj
  artifactKey: Guid(584d0398039f5ac479956b1e868ab06c) Importer(815301076,1909f56bfc062723c751e8b465ee728b)
Start importing Assets/Materials/Enemies/Turret_GunDouble.obj using Guid(584d0398039f5ac479956b1e868ab06c) Importer(815301076,1909f56bfc062723c751e8b465ee728b)  -> (artifact id: '98b374b2eb704eeb770afb0ddae41484') in 0.034168 seconds 
  Import took 0.036224 seconds .

========================================================================
Received Import Request.
  Time since last request: 0.000213 seconds.
  path: Assets/Materials/Enemies/Turret_Cannon.fbx
  artifactKey: Guid(c2ce28a8b71da844181e1754527a5d94) Importer(815301076,1909f56bfc062723c751e8b465ee728b)
Start importing Assets/Materials/Enemies/Turret_Cannon.fbx using Guid(c2ce28a8b71da844181e1754527a5d94) Importer(815301076,1909f56bfc062723c751e8b465ee728b)  -> (artifact id: '23e394cb0e23d11d7602d69524a0ac22') in 0.039852 seconds 
  Import took 0.041569 seconds .

========================================================================
Received Import Request.
  Time since last request: 0.000313 seconds.
  path: Assets/Materials/Enemies/Enemy_2Legs.obj
  artifactKey: Guid(92cdca33391183f44af28496db7e17bc) Importer(815301076,1909f56bfc062723c751e8b465ee728b)
Start importing Assets/Materials/Enemies/Enemy_2Legs.obj using Guid(92cdca33391183f44af28496db7e17bc) Importer(815301076,1909f56bfc062723c751e8b465ee728b)  -> (artifact id: 'c2f1689fcb30df7758d396ba6890c809') in 0.034756 seconds 
  Import took 0.036609 seconds .

========================================================================
Received Import Request.
  Time since last request: 0.000317 seconds.
  path: Assets/Materials/Enemies/Enemy_Flying.obj
  artifactKey: Guid(4e5a3542f410e3c42b08c263bdd8dcca) Importer(815301076,1909f56bfc062723c751e8b465ee728b)
Start importing Assets/Materials/Enemies/Enemy_Flying.obj using Guid(4e5a3542f410e3c42b08c263bdd8dcca) Importer(815301076,1909f56bfc062723c751e8b465ee728b)  -> (artifact id: '06f7d2ceb8b6f8b8d86bd3575186a624') in 0.053637 seconds 
  Import took 0.055396 seconds .

========================================================================
Received Import Request.
  Time since last request: 0.000304 seconds.
  path: Assets/Materials/Enemies/Enemy_Large_Gun.obj
  artifactKey: Guid(2a1263ffbac970740ad9739ff265e0f0) Importer(815301076,1909f56bfc062723c751e8b465ee728b)
Start importing Assets/Materials/Enemies/Enemy_Large_Gun.obj using Guid(2a1263ffbac970740ad9739ff265e0f0) Importer(815301076,1909f56bfc062723c751e8b465ee728b)  -> (artifact id: '69f674b2c4a36dcafbf207b9a21abb69') in 0.045009 seconds 
  Import took 0.046771 seconds .

========================================================================
Received Import Request.
  Time since last request: 0.000179 seconds.
  path: Assets/Materials/Enemies/Turret_GunDouble.fbx
  artifactKey: Guid(e6ab99c43d637f845a435c1bbe57fec0) Importer(815301076,1909f56bfc062723c751e8b465ee728b)
Start importing Assets/Materials/Enemies/Turret_GunDouble.fbx using Guid(e6ab99c43d637f845a435c1bbe57fec0) Importer(815301076,1909f56bfc062723c751e8b465ee728b)  -> (artifact id: '8ab7389560259304afba2f6c27dc9b14') in 0.042020 seconds 
  Import took 0.043816 seconds .

========================================================================
Received Import Request.
  Time since last request: 0.000229 seconds.
  path: Assets/Materials/Enemies/Enemy_2Legs_Gun.obj
  artifactKey: Guid(02ff6d6609e9af64481d870a674db74f) Importer(815301076,1909f56bfc062723c751e8b465ee728b)
Start importing Assets/Materials/Enemies/Enemy_2Legs_Gun.obj using Guid(02ff6d6609e9af64481d870a674db74f) Importer(815301076,1909f56bfc062723c751e8b465ee728b)  -> (artifact id: '6a012209677afe0b60c437079107df24') in 0.040945 seconds 
  Import took 0.042733 seconds .

========================================================================
Received Import Request.
  Time since last request: 0.000222 seconds.
  path: Assets/Materials/Enemies/Turret_Gun.fbx
  artifactKey: Guid(160b1221d83d7de4bb3aa7a389aa8fdc) Importer(815301076,1909f56bfc062723c751e8b465ee728b)
Start importing Assets/Materials/Enemies/Turret_Gun.fbx using Guid(160b1221d83d7de4bb3aa7a389aa8fdc) Importer(815301076,1909f56bfc062723c751e8b465ee728b)  -> (artifact id: '822f0b9864b21b1681167e5e235dffe8') in 0.037227 seconds 
  Import took 0.039169 seconds .

========================================================================
Received Import Request.
  Time since last request: 0.000245 seconds.
  path: Assets/Materials/Enemies/Turret_Gun.obj
  artifactKey: Guid(2e790bf3e17bcaa4387fbae4f1d4e10b) Importer(815301076,1909f56bfc062723c751e8b465ee728b)
Start importing Assets/Materials/Enemies/Turret_Gun.obj using Guid(2e790bf3e17bcaa4387fbae4f1d4e10b) Importer(815301076,1909f56bfc062723c751e8b465ee728b)  -> (artifact id: 'f636dcba8408c1a139e2777fe3c3b019') in 0.031235 seconds 
  Import took 0.033002 seconds .

========================================================================
Received Import Request.
  Time since last request: 0.000205 seconds.
  path: Assets/Materials/Enemies/Enemy_Large.obj
  artifactKey: Guid(cf273a29c05b3724e9b836a068eb26e8) Importer(815301076,1909f56bfc062723c751e8b465ee728b)
Start importing Assets/Materials/Enemies/Enemy_Large.obj using Guid(cf273a29c05b3724e9b836a068eb26e8) Importer(815301076,1909f56bfc062723c751e8b465ee728b)  -> (artifact id: '0dcdf6b7a4d80ec9e1fa223011e979a4') in 0.035392 seconds 
  Import took 0.037512 seconds .

========================================================================
Received Import Request.
  Time since last request: 0.000278 seconds.
  path: Assets/Materials/Enemies/Enemy_Large_Gun.fbx
  artifactKey: Guid(adc4e8da150bd294288f52a93b8d8468) Importer(815301076,1909f56bfc062723c751e8b465ee728b)
Start importing Assets/Materials/Enemies/Enemy_Large_Gun.fbx using Guid(adc4e8da150bd294288f52a93b8d8468) Importer(815301076,1909f56bfc062723c751e8b465ee728b)  -> (artifact id: '1ef287d0473dd5a7476dfc349e82a31c') in 0.055716 seconds 
  Import took 0.057714 seconds .

========================================================================
Received Import Request.
  Time since last request: 0.000250 seconds.
  path: Assets/Materials/Enemies/Turret_Teleporter.obj
  artifactKey: Guid(97b8d163d52d9bc4483d1b5897e8a706) Importer(815301076,1909f56bfc062723c751e8b465ee728b)
Start importing Assets/Materials/Enemies/Turret_Teleporter.obj using Guid(97b8d163d52d9bc4483d1b5897e8a706) Importer(815301076,1909f56bfc062723c751e8b465ee728b)  -> (artifact id: '36694eae6644e853f743a79467b7fc96') in 0.031487 seconds 
  Import took 0.033289 seconds .

========================================================================
Received Import Request.
  Time since last request: 0.000212 seconds.
  path: Assets/Materials/Enemies/Enemy_2Legs_Gun.fbx
  artifactKey: Guid(0838d4ae7684c894386b0bd0109519c8) Importer(815301076,1909f56bfc062723c751e8b465ee728b)
Start importing Assets/Materials/Enemies/Enemy_2Legs_Gun.fbx using Guid(0838d4ae7684c894386b0bd0109519c8) Importer(815301076,1909f56bfc062723c751e8b465ee728b)  -> (artifact id: 'e8fe02e1973f4d660da3c5c03c68c55d') in 0.056805 seconds 
  Import took 0.058898 seconds .

========================================================================
Received Import Request.
  Time since last request: 0.000209 seconds.
  path: Assets/Materials/Enemies/Enemy_Flying.fbx
  artifactKey: Guid(833531626f6475f478e2dfc109b3acff) Importer(815301076,1909f56bfc062723c751e8b465ee728b)
Start importing Assets/Materials/Enemies/Enemy_Flying.fbx using Guid(833531626f6475f478e2dfc109b3acff) Importer(815301076,1909f56bfc062723c751e8b465ee728b)  -> (artifact id: '661ecaa8d0f6988bd0e73c0d96e7f3d5') in 0.051575 seconds 
  Import took 0.053515 seconds .

========================================================================
Received Import Request.
  Time since last request: 0.000297 seconds.
  path: Assets/Materials/Enemies/Enemy_Flying_Gun.fbx
  artifactKey: Guid(67d9a64598b6f1245bf98bd401b9a6d8) Importer(815301076,1909f56bfc062723c751e8b465ee728b)
Start importing Assets/Materials/Enemies/Enemy_Flying_Gun.fbx using Guid(67d9a64598b6f1245bf98bd401b9a6d8) Importer(815301076,1909f56bfc062723c751e8b465ee728b)  -> (artifact id: '362bac6407d7d4ddbe84b043433e0c66') in 0.061415 seconds 
  Import took 0.063422 seconds .

========================================================================
Received Import Request.
  Time since last request: 0.000318 seconds.
  path: Assets/Materials/Enemies/Enemy_Large.fbx
  artifactKey: Guid(cce5021f5421fa7468b7c001e2228864) Importer(815301076,1909f56bfc062723c751e8b465ee728b)
Start importing Assets/Materials/Enemies/Enemy_Large.fbx using Guid(cce5021f5421fa7468b7c001e2228864) Importer(815301076,1909f56bfc062723c751e8b465ee728b)  -> (artifact id: '32e8e29225623a88f425f7cac7913e69') in 0.042187 seconds 
  Import took 0.044096 seconds .

========================================================================
Received Import Request.
  Time since last request: 0.000313 seconds.
  path: Assets/Materials/Enemies/Enemy_Flying_Gun.obj
  artifactKey: Guid(c3e31c9064b7ee74c88575c8ccc02dea) Importer(815301076,1909f56bfc062723c751e8b465ee728b)
Start importing Assets/Materials/Enemies/Enemy_Flying_Gun.obj using Guid(c3e31c9064b7ee74c88575c8ccc02dea) Importer(815301076,1909f56bfc062723c751e8b465ee728b)  -> (artifact id: '6a914a5ae84b56851a4578c9dadd76ab') in 0.052436 seconds 
  Import took 0.054284 seconds .

========================================================================
Received Import Request.
  Time since last request: 17.197053 seconds.
  path: Assets/Materials/Platforms
  artifactKey: Guid(5b8e834d9ecca294e9d369417b8fc8d5) Importer(815301076,1909f56bfc062723c751e8b465ee728b)
Start importing Assets/Materials/Platforms using Guid(5b8e834d9ecca294e9d369417b8fc8d5) Importer(815301076,1909f56bfc062723c751e8b465ee728b)  -> (artifact id: 'ab0e3fa190269e23ae9d54bb5a347874') in 0.002824 seconds 
  Import took 0.004633 seconds .

========================================================================
Received Import Request.
  Time since last request: 0.074553 seconds.
  path: Assets/Materials/Platforms/AC.fbx
  artifactKey: Guid(948e450af9ed65448b0fdd35a5d9dcd3) Importer(815301076,1909f56bfc062723c751e8b465ee728b)
Start importing Assets/Materials/Platforms/AC.fbx using Guid(948e450af9ed65448b0fdd35a5d9dcd3) Importer(815301076,1909f56bfc062723c751e8b465ee728b)  -> (artifact id: '4c0b2f44309077e2501e9aca70e613f4') in 0.035075 seconds 
  Import took 0.036724 seconds .

========================================================================
Received Import Request.
  Time since last request: 0.000217 seconds.
  path: Assets/Materials/Platforms/AC_Stacked.obj
  artifactKey: Guid(fcd7d4ca8aa44314bb3ee19feb5508b5) Importer(815301076,1909f56bfc062723c751e8b465ee728b)
Start importing Assets/Materials/Platforms/AC_Stacked.obj using Guid(fcd7d4ca8aa44314bb3ee19feb5508b5) Importer(815301076,1909f56bfc062723c751e8b465ee728b)  -> (artifact id: 'bf2397471a2c09faf4e5066d30c6bed4') in 0.041053 seconds 
  Import took 0.042831 seconds .

========================================================================
Received Import Request.
  Time since last request: 0.000256 seconds.
  path: Assets/Materials/Platforms/Antenna_2.obj
  artifactKey: Guid(ff6eaf86b1fb2654e971dc6b760aaf55) Importer(815301076,1909f56bfc062723c751e8b465ee728b)
Start importing Assets/Materials/Platforms/Antenna_2.obj using Guid(ff6eaf86b1fb2654e971dc6b760aaf55) Importer(815301076,1909f56bfc062723c751e8b465ee728b)  -> (artifact id: '20e24bffdb2271f53694d73114d76615') in 0.045307 seconds 
  Import took 0.047459 seconds .

========================================================================
Received Import Request.
  Time since last request: 0.000534 seconds.
  path: Assets/Materials/Platforms/Cable_Long.fbx
  artifactKey: Guid(a3823cf64236cf347bd86ace0a8bf2fc) Importer(815301076,1909f56bfc062723c751e8b465ee728b)
Start importing Assets/Materials/Platforms/Cable_Long.fbx using Guid(a3823cf64236cf347bd86ace0a8bf2fc) Importer(815301076,1909f56bfc062723c751e8b465ee728b)  -> (artifact id: '7ca176db093b36e6dc41315cbffa28bc') in 0.025541 seconds 
  Import took 0.027496 seconds .

========================================================================
Received Import Request.
  Time since last request: 0.000241 seconds.
  path: Assets/Materials/Platforms/Cable_Thick.obj
  artifactKey: Guid(3ef806c700db3af4db6cb4db4f91b975) Importer(815301076,1909f56bfc062723c751e8b465ee728b)
Start importing Assets/Materials/Platforms/Cable_Thick.obj using Guid(3ef806c700db3af4db6cb4db4f91b975) Importer(815301076,1909f56bfc062723c751e8b465ee728b)  -> (artifact id: 'f4570185dd721f110c1f74240d0db3e7') in 0.028332 seconds 
  Import took 0.030298 seconds .

========================================================================
Received Import Request.
  Time since last request: 0.000257 seconds.
  path: Assets/Materials/Platforms/Fence.obj
  artifactKey: Guid(48a4744abda97404cadb918c4a458e61) Importer(815301076,1909f56bfc062723c751e8b465ee728b)
Start importing Assets/Materials/Platforms/Fence.obj using Guid(48a4744abda97404cadb918c4a458e61) Importer(815301076,1909f56bfc062723c751e8b465ee728b)  -> (artifact id: 'f7f92e9cb7893fe25dfbbaf94971398f') in 0.032332 seconds 
  Import took 0.034135 seconds .

========================================================================
Received Import Request.
  Time since last request: 0.000236 seconds.
  path: Assets/Materials/Platforms/Computer.fbx
  artifactKey: Guid(cb6c5df723e61e74cb84177841d8afd1) Importer(815301076,1909f56bfc062723c751e8b465ee728b)
Start importing Assets/Materials/Platforms/Computer.fbx using Guid(cb6c5df723e61e74cb84177841d8afd1) Importer(815301076,1909f56bfc062723c751e8b465ee728b)  -> (artifact id: '1ec7143b4b4812eba16fe1ec9995c817') in 0.045874 seconds 
  Import took 0.047783 seconds .

========================================================================
Received Import Request.
  Time since last request: 0.000283 seconds.
  path: Assets/Materials/Platforms/Pipe_1.obj
  artifactKey: Guid(1783a03dd7ca2304fa9f8a70e2b72a25) Importer(815301076,1909f56bfc062723c751e8b465ee728b)
Start importing Assets/Materials/Platforms/Pipe_1.obj using Guid(1783a03dd7ca2304fa9f8a70e2b72a25) Importer(815301076,1909f56bfc062723c751e8b465ee728b)  -> (artifact id: '4dd46a9cc91fac1de7ab1d237facb565') in 0.034876 seconds 
  Import took 0.036731 seconds .

========================================================================
Received Import Request.
  Time since last request: 0.000282 seconds.
  path: Assets/Materials/Platforms/Computer.obj
  artifactKey: Guid(f625eb6f0ad010e48b544a27cb4e3f1e) Importer(815301076,1909f56bfc062723c751e8b465ee728b)
Start importing Assets/Materials/Platforms/Computer.obj using Guid(f625eb6f0ad010e48b544a27cb4e3f1e) Importer(815301076,1909f56bfc062723c751e8b465ee728b)  -> (artifact id: '2bdf8c29ac52fa55ca94751ca0ed5437') in 0.040502 seconds 
  Import took 0.042580 seconds .

========================================================================
Received Import Request.
  Time since last request: 0.000366 seconds.
  path: Assets/Materials/Platforms/Light_Street_1.fbx
  artifactKey: Guid(7272c08cfcb4d0641bd867c8d86040a3) Importer(815301076,1909f56bfc062723c751e8b465ee728b)
Start importing Assets/Materials/Platforms/Light_Street_1.fbx using Guid(7272c08cfcb4d0641bd867c8d86040a3) Importer(815301076,1909f56bfc062723c751e8b465ee728b)  -> (artifact id: '4c4c217f0ad4444bb9464cf619eeb132') in 0.018685 seconds 
  Import took 0.020409 seconds .

========================================================================
Received Import Request.
  Time since last request: 0.000302 seconds.
  path: Assets/Materials/Platforms/Antenna_1.fbx
  artifactKey: Guid(5e61aa301e915ee46a2d743b153d8f28) Importer(815301076,1909f56bfc062723c751e8b465ee728b)
Start importing Assets/Materials/Platforms/Antenna_1.fbx using Guid(5e61aa301e915ee46a2d743b153d8f28) Importer(815301076,1909f56bfc062723c751e8b465ee728b)  -> (artifact id: '29fbd07bd5879348c996cea2065b6051') in 0.012721 seconds 
  Import took 0.014607 seconds .

========================================================================
Received Import Request.
  Time since last request: 0.000267 seconds.
  path: Assets/Materials/Platforms/Door.obj
  artifactKey: Guid(970dccecf380f864f8b471043cc3ca96) Importer(815301076,1909f56bfc062723c751e8b465ee728b)
Start importing Assets/Materials/Platforms/Door.obj using Guid(970dccecf380f864f8b471043cc3ca96) Importer(815301076,1909f56bfc062723c751e8b465ee728b)  -> (artifact id: 'cdbf0ddff271d022fb887c33e8fd2861') in 0.025552 seconds 
  Import took 0.027595 seconds .

========================================================================
Received Import Request.
  Time since last request: 0.000248 seconds.
  path: Assets/Materials/Platforms/Door.fbx
  artifactKey: Guid(fe212277fd5b283489e8e58f70141c27) Importer(815301076,1909f56bfc062723c751e8b465ee728b)
Start importing Assets/Materials/Platforms/Door.fbx using Guid(fe212277fd5b283489e8e58f70141c27) Importer(815301076,1909f56bfc062723c751e8b465ee728b)  -> (artifact id: '496a9d7b18d4fe14ee107394322da305') in 0.022360 seconds 
  Import took 0.024092 seconds .

========================================================================
Received Import Request.
  Time since last request: 0.000302 seconds.
  path: Assets/Materials/Platforms/Cable_Small.obj
  artifactKey: Guid(674d1aaae60de6a49bcf38f24bccebac) Importer(815301076,1909f56bfc062723c751e8b465ee728b)
Start importing Assets/Materials/Platforms/Cable_Small.obj using Guid(674d1aaae60de6a49bcf38f24bccebac) Importer(815301076,1909f56bfc062723c751e8b465ee728b)  -> (artifact id: 'a113ce5a548ba2297c375dd0938158ec') in 0.015446 seconds 
  Import took 0.017274 seconds .

========================================================================
Received Import Request.
  Time since last request: 0.000185 seconds.
  path: Assets/Materials/Platforms/Pipe_1.fbx
  artifactKey: Guid(9978ddceb4c573c408ae88d9567c77bc) Importer(815301076,1909f56bfc062723c751e8b465ee728b)
Start importing Assets/Materials/Platforms/Pipe_1.fbx using Guid(9978ddceb4c573c408ae88d9567c77bc) Importer(815301076,1909f56bfc062723c751e8b465ee728b)  -> (artifact id: '59da6eec7c7007c32d4e4fbf82e9f43c') in 0.013128 seconds 
  Import took 0.015009 seconds .

========================================================================
Received Import Request.
  Time since last request: 0.000351 seconds.
  path: Assets/Materials/Platforms/AC_Side.fbx
  artifactKey: Guid(c2a9b9d79d742f74c90014d0c3e4c712) Importer(815301076,1909f56bfc062723c751e8b465ee728b)
Start importing Assets/Materials/Platforms/AC_Side.fbx using Guid(c2a9b9d79d742f74c90014d0c3e4c712) Importer(815301076,1909f56bfc062723c751e8b465ee728b)  -> (artifact id: '2197048a4f81493b5c2e857bb467ac7c') in 0.023329 seconds 
  Import took 0.025505 seconds .

========================================================================
Received Import Request.
  Time since last request: 0.000259 seconds.
  path: Assets/Materials/Platforms/Light_Square.fbx
  artifactKey: Guid(1bb1f683b07b3b94dbf50deefbfb5e3e) Importer(815301076,1909f56bfc062723c751e8b465ee728b)
Start importing Assets/Materials/Platforms/Light_Square.fbx using Guid(1bb1f683b07b3b94dbf50deefbfb5e3e) Importer(815301076,1909f56bfc062723c751e8b465ee728b)  -> (artifact id: 'e24f657aa39c76c7bc47582c381a5dfa') in 0.019262 seconds 
  Import took 0.021016 seconds .

========================================================================
Received Import Request.
  Time since last request: 0.000252 seconds.
  path: Assets/Materials/Platforms/Cable_Thick.fbx
  artifactKey: Guid(e408c5b61ce8e064986e521f2021c620) Importer(815301076,1909f56bfc062723c751e8b465ee728b)
Start importing Assets/Materials/Platforms/Cable_Thick.fbx using Guid(e408c5b61ce8e064986e521f2021c620) Importer(815301076,1909f56bfc062723c751e8b465ee728b)  -> (artifact id: '2cdce0f1d03e0ed0e86c65b3c7b624ca') in 0.013874 seconds 
  Import took 0.015701 seconds .

========================================================================
Received Import Request.
  Time since last request: 0.000154 seconds.
  path: Assets/Materials/Platforms/AC_Side.obj
  artifactKey: Guid(effced7e7891f754ea187cd0e695691b) Importer(815301076,1909f56bfc062723c751e8b465ee728b)
Start importing Assets/Materials/Platforms/AC_Side.obj using Guid(effced7e7891f754ea187cd0e695691b) Importer(815301076,1909f56bfc062723c751e8b465ee728b)  -> (artifact id: '85aacddc9f7caeb0b206074662953143') in 0.024214 seconds 
  Import took 0.026114 seconds .

========================================================================
Received Import Request.
  Time since last request: 0.000254 seconds.
  path: Assets/Materials/Platforms/Cable_Small.fbx
  artifactKey: Guid(80c50d2369b8d704cb490c433a816f74) Importer(815301076,1909f56bfc062723c751e8b465ee728b)
Start importing Assets/Materials/Platforms/Cable_Small.fbx using Guid(80c50d2369b8d704cb490c433a816f74) Importer(815301076,1909f56bfc062723c751e8b465ee728b)  -> (artifact id: 'aad950673f036bfd3e57c624c69aa64f') in 0.012138 seconds 
  Import took 0.014256 seconds .

========================================================================
Received Import Request.
  Time since last request: 0.000330 seconds.
  path: Assets/Materials/Platforms/Light_Street_2.fbx
  artifactKey: Guid(c85af22a51932b64b911d61e536f5942) Importer(815301076,1909f56bfc062723c751e8b465ee728b)
Start importing Assets/Materials/Platforms/Light_Street_2.fbx using Guid(c85af22a51932b64b911d61e536f5942) Importer(815301076,1909f56bfc062723c751e8b465ee728b)  -> (artifact id: '8be27e8f43ccdcd0394f88ad9810d8f9') in 0.018901 seconds 
  Import took 0.020771 seconds .

========================================================================
Received Import Request.
  Time since last request: 0.000232 seconds.
  path: Assets/Materials/Platforms/Computer_Large.obj
  artifactKey: Guid(9d32bc5d9406aff429b5e47f0f1bd62f) Importer(815301076,1909f56bfc062723c751e8b465ee728b)
Start importing Assets/Materials/Platforms/Computer_Large.obj using Guid(9d32bc5d9406aff429b5e47f0f1bd62f) Importer(815301076,1909f56bfc062723c751e8b465ee728b)  -> (artifact id: '66962e855a60e3d34c354793c6a45db1') in 0.035475 seconds 
  Import took 0.037275 seconds .

========================================================================
Received Import Request.
  Time since last request: 0.000167 seconds.
  path: Assets/Materials/Platforms/Cable_Long.obj
  artifactKey: Guid(1ca65946c727d6445974a3df10812d87) Importer(815301076,1909f56bfc062723c751e8b465ee728b)
Start importing Assets/Materials/Platforms/Cable_Long.obj using Guid(1ca65946c727d6445974a3df10812d87) Importer(815301076,1909f56bfc062723c751e8b465ee728b)  -> (artifact id: 'f93571c901daf0a1a17c4f535979541f') in 0.015055 seconds 
  Import took 0.016837 seconds .

========================================================================
Received Import Request.
  Time since last request: 0.000247 seconds.
  path: Assets/Materials/Platforms/Computer_Large.fbx
  artifactKey: Guid(9e5a67708f9f0074cbc2f9d621780f7c) Importer(815301076,1909f56bfc062723c751e8b465ee728b)
Start importing Assets/Materials/Platforms/Computer_Large.fbx using Guid(9e5a67708f9f0074cbc2f9d621780f7c) Importer(815301076,1909f56bfc062723c751e8b465ee728b)  -> (artifact id: '0c3bfe8e1f4b359b476de29b377e8884') in 0.032139 seconds 
  Import took 0.033927 seconds .

========================================================================
Received Import Request.
  Time since last request: 0.000253 seconds.
  path: Assets/Materials/Platforms/Light_Street_2.obj
  artifactKey: Guid(a9f512e2655bb574c95d7e2053e1d999) Importer(815301076,1909f56bfc062723c751e8b465ee728b)
Start importing Assets/Materials/Platforms/Light_Street_2.obj using Guid(a9f512e2655bb574c95d7e2053e1d999) Importer(815301076,1909f56bfc062723c751e8b465ee728b)  -> (artifact id: 'ee63993d1e7c9deb154d493e4ac90c8e') in 0.020575 seconds 
  Import took 0.022604 seconds .

========================================================================
Received Import Request.
  Time since last request: 0.000235 seconds.
  path: Assets/Materials/Platforms/AC.obj
  artifactKey: Guid(008c5d9918e71d045bb1b2875c237387) Importer(815301076,1909f56bfc062723c751e8b465ee728b)
Start importing Assets/Materials/Platforms/AC.obj using Guid(008c5d9918e71d045bb1b2875c237387) Importer(815301076,1909f56bfc062723c751e8b465ee728b)  -> (artifact id: 'bc7b8be983e1b427cd9e9e02fbd9d5a4') in 0.025445 seconds 
  Import took 0.027226 seconds .

========================================================================
Received Import Request.
  Time since last request: 0.000152 seconds.
  path: Assets/Materials/Platforms/Light_Street_1.obj
  artifactKey: Guid(e5891555926a92e40aaf2e2ce9de28ce) Importer(815301076,1909f56bfc062723c751e8b465ee728b)
Start importing Assets/Materials/Platforms/Light_Street_1.obj using Guid(e5891555926a92e40aaf2e2ce9de28ce) Importer(815301076,1909f56bfc062723c751e8b465ee728b)  -> (artifact id: '72003bbc932afb2ab50d78135343a37b') in 0.021137 seconds 
  Import took 0.023482 seconds .

========================================================================
Received Import Request.
  Time since last request: 0.000270 seconds.
  path: Assets/Materials/Platforms/Fence.fbx
  artifactKey: Guid(43b36d09c9b75db46aabb7ef9c556a80) Importer(815301076,1909f56bfc062723c751e8b465ee728b)
Start importing Assets/Materials/Platforms/Fence.fbx using Guid(43b36d09c9b75db46aabb7ef9c556a80) Importer(815301076,1909f56bfc062723c751e8b465ee728b)  -> (artifact id: '1d7921b35431fb4f118d95bea2170a9d') in 0.017500 seconds 
  Import took 0.019415 seconds .

========================================================================
Received Import Request.
  Time since last request: 0.000193 seconds.
  path: Assets/Materials/Platforms/AC_Stacked.fbx
  artifactKey: Guid(d381f9bc33c673947ab778ad21cc1082) Importer(815301076,1909f56bfc062723c751e8b465ee728b)
Start importing Assets/Materials/Platforms/AC_Stacked.fbx using Guid(d381f9bc33c673947ab778ad21cc1082) Importer(815301076,1909f56bfc062723c751e8b465ee728b)  -> (artifact id: '8ef2df4058590f72359173eaf43d96a2') in 0.021910 seconds 
  Import took 0.023986 seconds .

========================================================================
Received Import Request.
  Time since last request: 0.000181 seconds.
  path: Assets/Materials/Platforms/Antenna_2.fbx
  artifactKey: Guid(8dfd686bd8faca94ea8e25efa1f93fc9) Importer(815301076,1909f56bfc062723c751e8b465ee728b)
Start importing Assets/Materials/Platforms/Antenna_2.fbx using Guid(8dfd686bd8faca94ea8e25efa1f93fc9) Importer(815301076,1909f56bfc062723c751e8b465ee728b)  -> (artifact id: '6cb351b9d798cc677170a24c7c937dba') in 0.018993 seconds 
  Import took 0.021181 seconds .

========================================================================
Received Import Request.
  Time since last request: 0.000208 seconds.
  path: Assets/Materials/Platforms/Pipe_2.fbx
  artifactKey: Guid(730b570bc3da27e4b8e295c6a0d8b278) Importer(815301076,1909f56bfc062723c751e8b465ee728b)
Start importing Assets/Materials/Platforms/Pipe_2.fbx using Guid(730b570bc3da27e4b8e295c6a0d8b278) Importer(815301076,1909f56bfc062723c751e8b465ee728b)  -> (artifact id: '94511cbf0cef20eec622986ecf7150cc') in 0.012439 seconds 
  Import took 0.014169 seconds .

========================================================================
Received Import Request.
  Time since last request: 0.000225 seconds.
  path: Assets/Materials/Platforms/Antenna_1.obj
  artifactKey: Guid(6e6689f2c958de04398a62ea723c903d) Importer(815301076,1909f56bfc062723c751e8b465ee728b)
Start importing Assets/Materials/Platforms/Antenna_1.obj using Guid(6e6689f2c958de04398a62ea723c903d) Importer(815301076,1909f56bfc062723c751e8b465ee728b)  -> (artifact id: '03599176f9310569a26b9920bf4a5974') in 0.018843 seconds 
  Import took 0.020834 seconds .

========================================================================
Received Import Request.
  Time since last request: 0.000266 seconds.
  path: Assets/Materials/Platforms/Light_Square.obj
  artifactKey: Guid(28a1e955e7a70d74da3bef269707f4cc) Importer(815301076,1909f56bfc062723c751e8b465ee728b)
Start importing Assets/Materials/Platforms/Light_Square.obj using Guid(28a1e955e7a70d74da3bef269707f4cc) Importer(815301076,1909f56bfc062723c751e8b465ee728b)  -> (artifact id: '49b8befb3de8fa0deb2d03f8e8819005') in 0.020890 seconds 
  Import took 0.022988 seconds .

========================================================================
Received Import Request.
  Time since last request: 6.970342 seconds.
  path: Assets/Materials/Platforms/Pipe_2.obj
  artifactKey: Guid(57117de49f4eaa04e875783c108c18d5) Importer(815301076,1909f56bfc062723c751e8b465ee728b)
Start importing Assets/Materials/Platforms/Pipe_2.obj using Guid(57117de49f4eaa04e875783c108c18d5) Importer(815301076,1909f56bfc062723c751e8b465ee728b)  -> (artifact id: 'cb39fce6a9592073e4fca96ef85946e8') in 0.014076 seconds 
  Import took 0.015862 seconds .

========================================================================
Received Import Request.
  Time since last request: 0.000268 seconds.
  path: Assets/Materials/Platforms/Pipe_Corner.obj
  artifactKey: Guid(e89e483b16281604d93be706af8c5bd7) Importer(815301076,1909f56bfc062723c751e8b465ee728b)
Start importing Assets/Materials/Platforms/Pipe_Corner.obj using Guid(e89e483b16281604d93be706af8c5bd7) Importer(815301076,1909f56bfc062723c751e8b465ee728b)  -> (artifact id: '3f44ed8591549f4bf6fe0c3ed6d14e94') in 0.014349 seconds 
  Import took 0.016104 seconds .

========================================================================
Received Import Request.
  Time since last request: 0.000254 seconds.
  path: Assets/Materials/Platforms/Pipe_Corner_2.obj
  artifactKey: Guid(1b315b3242060134fb2071e256557867) Importer(815301076,1909f56bfc062723c751e8b465ee728b)
Start importing Assets/Materials/Platforms/Pipe_Corner_2.obj using Guid(1b315b3242060134fb2071e256557867) Importer(815301076,1909f56bfc062723c751e8b465ee728b)  -> (artifact id: 'c15764e71dfe786aecb5b9fc2bb985bf') in 0.016566 seconds 
  Import took 0.018605 seconds .

========================================================================
Received Import Request.
  Time since last request: 0.000267 seconds.
  path: Assets/Materials/Platforms/Pipe_Corner_2.fbx
  artifactKey: Guid(6ad7caa65365b754bba4227a4398d8c4) Importer(815301076,1909f56bfc062723c751e8b465ee728b)
Start importing Assets/Materials/Platforms/Pipe_Corner_2.fbx using Guid(6ad7caa65365b754bba4227a4398d8c4) Importer(815301076,1909f56bfc062723c751e8b465ee728b)  -> (artifact id: '2b86af7d8485ae098f9f17a19659e3d2') in 0.016393 seconds 
  Import took 0.018675 seconds .

========================================================================
Received Import Request.
  Time since last request: 0.000411 seconds.
  path: Assets/Materials/Platforms/Platform_1x1_Empty.fbx
  artifactKey: Guid(7a504d3254ff9ae49876748b8e44dee6) Importer(815301076,1909f56bfc062723c751e8b465ee728b)
Start importing Assets/Materials/Platforms/Platform_1x1_Empty.fbx using Guid(7a504d3254ff9ae49876748b8e44dee6) Importer(815301076,1909f56bfc062723c751e8b465ee728b)  -> (artifact id: '5904ad9994bb2eeba789445371a457a7') in 0.024310 seconds 
  Import took 0.026497 seconds .

========================================================================
Received Import Request.
  Time since last request: 0.000176 seconds.
  path: Assets/Materials/Platforms/Pipe_Corner.fbx
  artifactKey: Guid(653d35f229235954fbb579434306e315) Importer(815301076,1909f56bfc062723c751e8b465ee728b)
Start importing Assets/Materials/Platforms/Pipe_Corner.fbx using Guid(653d35f229235954fbb579434306e315) Importer(815301076,1909f56bfc062723c751e8b465ee728b)  -> (artifact id: '7de0fb1b8dd0847262152f189a2e3005') in 0.015662 seconds 
  Import took 0.017532 seconds .

========================================================================
Received Import Request.
  Time since last request: 0.066640 seconds.
  path: Assets/Materials/Platforms/Platform_1x1_Empty.obj
  artifactKey: Guid(f142a232f9ab6a54e89af6e3b7948443) Importer(815301076,1909f56bfc062723c751e8b465ee728b)
Start importing Assets/Materials/Platforms/Platform_1x1_Empty.obj using Guid(f142a232f9ab6a54e89af6e3b7948443) Importer(815301076,1909f56bfc062723c751e8b465ee728b)  -> (artifact id: '5f43456f18a351dad9d1a7bdcd9120ba') in 0.020796 seconds 
  Import took 0.022793 seconds .

========================================================================
Received Import Request.
  Time since last request: 0.000220 seconds.
  path: Assets/Materials/Platforms/Platform_2x2.obj
  artifactKey: Guid(7123b94ba9eb5124aaf233cd580b0537) Importer(815301076,1909f56bfc062723c751e8b465ee728b)
Start importing Assets/Materials/Platforms/Platform_2x2.obj using Guid(7123b94ba9eb5124aaf233cd580b0537) Importer(815301076,1909f56bfc062723c751e8b465ee728b)  -> (artifact id: '1d38acb76ef1a9b814a5fdf20ce51dd3') in 0.038250 seconds 
  Import took 0.040205 seconds .

========================================================================
Received Import Request.
  Time since last request: 0.000225 seconds.
  path: Assets/Materials/Platforms/Platform_2x2_Empty.fbx
  artifactKey: Guid(571e99670f6e6dd4ea1cbae1cf9d57ff) Importer(815301076,1909f56bfc062723c751e8b465ee728b)
Start importing Assets/Materials/Platforms/Platform_2x2_Empty.fbx using Guid(571e99670f6e6dd4ea1cbae1cf9d57ff) Importer(815301076,1909f56bfc062723c751e8b465ee728b)  -> (artifact id: '760965090d140657813e3e87a46ca9ee') in 0.027780 seconds 
  Import took 0.029617 seconds .

========================================================================
Received Import Request.
  Time since last request: 0.000283 seconds.
  path: Assets/Materials/Platforms/Platform_2x1_Empty.obj
  artifactKey: Guid(70d49ac583a402941bfb2d34086b2159) Importer(815301076,1909f56bfc062723c751e8b465ee728b)
Start importing Assets/Materials/Platforms/Platform_2x1_Empty.obj using Guid(70d49ac583a402941bfb2d34086b2159) Importer(815301076,1909f56bfc062723c751e8b465ee728b)  -> (artifact id: 'e6c237f280ada0c7ebec841f1212a4fc') in 0.026760 seconds 
  Import took 0.028615 seconds .

========================================================================
Received Import Request.
  Time since last request: 0.000301 seconds.
  path: Assets/Materials/Platforms/Platform_4x4.fbx
  artifactKey: Guid(6360d2a49c91e4b4d9422cad3d29f07f) Importer(815301076,1909f56bfc062723c751e8b465ee728b)
Start importing Assets/Materials/Platforms/Platform_4x4.fbx using Guid(6360d2a49c91e4b4d9422cad3d29f07f) Importer(815301076,1909f56bfc062723c751e8b465ee728b)  -> (artifact id: '0670b8eddbcdeacc912202715ed70159') in 0.032101 seconds 
  Import took 0.033920 seconds .

========================================================================
Received Import Request.
  Time since last request: 0.000302 seconds.
  path: Assets/Materials/Platforms/Platform_4x1.obj
  artifactKey: Guid(c8ee73d261e205040ad7dc3ad630a743) Importer(815301076,1909f56bfc062723c751e8b465ee728b)
Start importing Assets/Materials/Platforms/Platform_4x1.obj using Guid(c8ee73d261e205040ad7dc3ad630a743) Importer(815301076,1909f56bfc062723c751e8b465ee728b)  -> (artifact id: '0377781f2fd5d3705c3ba5ad9f92aade') in 0.035981 seconds 
  Import took 0.037745 seconds .

========================================================================
Received Import Request.
  Time since last request: 0.000249 seconds.
  path: Assets/Materials/Platforms/Platform_4x2.obj
  artifactKey: Guid(64e4923c038af2a41b25e08abf654cef) Importer(815301076,1909f56bfc062723c751e8b465ee728b)
Start importing Assets/Materials/Platforms/Platform_4x2.obj using Guid(64e4923c038af2a41b25e08abf654cef) Importer(815301076,1909f56bfc062723c751e8b465ee728b)  -> (artifact id: '54e1146d07b6db3fc026c3463ffe5403') in 0.033357 seconds 
  Import took 0.035146 seconds .

========================================================================
Received Import Request.
  Time since last request: 0.000291 seconds.
  path: Assets/Materials/Platforms/Platform_2x1_Empty.fbx
  artifactKey: Guid(ed5234b526a7906439963100e9f97b68) Importer(815301076,1909f56bfc062723c751e8b465ee728b)
Start importing Assets/Materials/Platforms/Platform_2x1_Empty.fbx using Guid(ed5234b526a7906439963100e9f97b68) Importer(815301076,1909f56bfc062723c751e8b465ee728b)  -> (artifact id: '33b164c77a62030be7e55f724211a131') in 0.021988 seconds 
  Import took 0.024141 seconds .

========================================================================
Received Import Request.
  Time since last request: 0.000220 seconds.
  path: Assets/Materials/Platforms/Platform_4x1_Empty.fbx
  artifactKey: Guid(9058a255687adc44f889a0cff9dbb986) Importer(815301076,1909f56bfc062723c751e8b465ee728b)
Start importing Assets/Materials/Platforms/Platform_4x1_Empty.fbx using Guid(9058a255687adc44f889a0cff9dbb986) Importer(815301076,1909f56bfc062723c751e8b465ee728b)  -> (artifact id: '6a11508101c73cb501b0125163357572') in 0.022133 seconds 
  Import took 0.024033 seconds .

========================================================================
Received Import Request.
  Time since last request: 0.000259 seconds.
  path: Assets/Materials/Platforms/Platform_2x2_Empty.obj
  artifactKey: Guid(3d3db7c25acfcf140af9387975f86c20) Importer(815301076,1909f56bfc062723c751e8b465ee728b)
Start importing Assets/Materials/Platforms/Platform_2x2_Empty.obj using Guid(3d3db7c25acfcf140af9387975f86c20) Importer(815301076,1909f56bfc062723c751e8b465ee728b)  -> (artifact id: '9ddac6cc6ff9c4a883e75ef131c6aef5') in 0.022275 seconds 
  Import took 0.024048 seconds .

========================================================================
Received Import Request.
  Time since last request: 0.000252 seconds.
  path: Assets/Materials/Platforms/Platform_2x2.fbx
  artifactKey: Guid(7783fb3dc4002c946ad77c5ac7d77f30) Importer(815301076,1909f56bfc062723c751e8b465ee728b)
Start importing Assets/Materials/Platforms/Platform_2x2.fbx using Guid(7783fb3dc4002c946ad77c5ac7d77f30) Importer(815301076,1909f56bfc062723c751e8b465ee728b)  -> (artifact id: '219b6d8f3c3bd1fbd775b3a67dd2adb5') in 0.028677 seconds 
  Import took 0.030625 seconds .

========================================================================
Received Import Request.
  Time since last request: 0.000249 seconds.
  path: Assets/Materials/Platforms/Platform_4x2.fbx
  artifactKey: Guid(f57d4152b1540544886a8fc3b9be12cf) Importer(815301076,1909f56bfc062723c751e8b465ee728b)
Start importing Assets/Materials/Platforms/Platform_4x2.fbx using Guid(f57d4152b1540544886a8fc3b9be12cf) Importer(815301076,1909f56bfc062723c751e8b465ee728b)  -> (artifact id: 'f925f71281e2164828f1941600af8cb6') in 0.029522 seconds 
  Import took 0.031362 seconds .

========================================================================
Received Import Request.
  Time since last request: 0.000287 seconds.
  path: Assets/Materials/Platforms/Platform_2x2.fbx
  artifactKey: Guid(7783fb3dc4002c946ad77c5ac7d77f30) Importer(815301076,1909f56bfc062723c751e8b465ee728b)
Start importing Assets/Materials/Platforms/Platform_2x2.fbx using Guid(7783fb3dc4002c946ad77c5ac7d77f30) Importer(815301076,1909f56bfc062723c751e8b465ee728b)  -> (artifact id: '219b6d8f3c3bd1fbd775b3a67dd2adb5') in 0.029193 seconds 
  Import took 0.031238 seconds .

========================================================================
Received Import Request.
  Time since last request: 0.000227 seconds.
  path: Assets/Materials/Platforms/Platform_4x1_Empty.obj
  artifactKey: Guid(056f363c505013644bb69925b008b2e8) Importer(815301076,1909f56bfc062723c751e8b465ee728b)
Start importing Assets/Materials/Platforms/Platform_4x1_Empty.obj using Guid(056f363c505013644bb69925b008b2e8) Importer(815301076,1909f56bfc062723c751e8b465ee728b)  -> (artifact id: 'da2e2e430568e6c8aebb8f622e955840') in 0.022927 seconds 
  Import took 0.024766 seconds .

========================================================================
Received Import Request.
  Time since last request: 0.000191 seconds.
  path: Assets/Materials/Platforms/Platform_4x1.fbx
  artifactKey: Guid(74d71aff3bcafac43a98fdb6704e8691) Importer(815301076,1909f56bfc062723c751e8b465ee728b)
Start importing Assets/Materials/Platforms/Platform_4x1.fbx using Guid(74d71aff3bcafac43a98fdb6704e8691) Importer(815301076,1909f56bfc062723c751e8b465ee728b)  -> (artifact id: '4bc4b0005907fcac3e5b34608fef56a5') in 0.029839 seconds 
  Import took 0.031928 seconds .

========================================================================
Received Import Request.
  Time since last request: 0.137452 seconds.
  path: Assets/Materials/Platforms/Platform_4x4.obj
  artifactKey: Guid(4e6d16ab65be83b4f930ecfc8aa1ffb5) Importer(815301076,1909f56bfc062723c751e8b465ee728b)
Start importing Assets/Materials/Platforms/Platform_4x4.obj using Guid(4e6d16ab65be83b4f930ecfc8aa1ffb5) Importer(815301076,1909f56bfc062723c751e8b465ee728b)  -> (artifact id: '112e5d97f48530dbd9da2f43f4a05352') in 0.027977 seconds 
  Import took 0.029843 seconds .

========================================================================
Received Import Request.
  Time since last request: 0.000279 seconds.
  path: Assets/Materials/Platforms/Rail_Corner_2.fbx
  artifactKey: Guid(c71cf57329a24e144a1d12ce9cab57c3) Importer(815301076,1909f56bfc062723c751e8b465ee728b)
Start importing Assets/Materials/Platforms/Rail_Corner_2.fbx using Guid(c71cf57329a24e144a1d12ce9cab57c3) Importer(815301076,1909f56bfc062723c751e8b465ee728b)  -> (artifact id: 'b5a8aae9b635a3a06b72dfa01f9823e2') in 0.013244 seconds 
  Import took 0.015027 seconds .

========================================================================
Received Import Request.
  Time since last request: 0.000274 seconds.
  path: Assets/Materials/Platforms/Rail_Corner.obj
  artifactKey: Guid(8e06048b895545d4d985c82cbad4d366) Importer(815301076,1909f56bfc062723c751e8b465ee728b)
Start importing Assets/Materials/Platforms/Rail_Corner.obj using Guid(8e06048b895545d4d985c82cbad4d366) Importer(815301076,1909f56bfc062723c751e8b465ee728b)  -> (artifact id: '312c27ece44a68a9eeef4a73c363304f') in 0.017396 seconds 
  Import took 0.019899 seconds .

========================================================================
Received Import Request.
  Time since last request: 0.000187 seconds.
  path: Assets/Materials/Platforms/Rail_Short.obj
  artifactKey: Guid(c71d1866485f3f84cb2ba8e19aeff874) Importer(815301076,1909f56bfc062723c751e8b465ee728b)
Start importing Assets/Materials/Platforms/Rail_Short.obj using Guid(c71d1866485f3f84cb2ba8e19aeff874) Importer(815301076,1909f56bfc062723c751e8b465ee728b)  -> (artifact id: '9b0d46b895083ef461498729ef11b133') in 0.016684 seconds 
  Import took 0.018998 seconds .

========================================================================
Received Import Request.
  Time since last request: 0.000205 seconds.
  path: Assets/Materials/Platforms/Rail_Corner.fbx
  artifactKey: Guid(55a50112fd101b24c9767d15edc30750) Importer(815301076,1909f56bfc062723c751e8b465ee728b)
Start importing Assets/Materials/Platforms/Rail_Corner.fbx using Guid(55a50112fd101b24c9767d15edc30750) Importer(815301076,1909f56bfc062723c751e8b465ee728b)  -> (artifact id: '7a21342c8c0bd5483a3b0ced158073ab') in 0.013110 seconds 
  Import took 0.015123 seconds .

========================================================================
Received Import Request.
  Time since last request: 0.000191 seconds.
  path: Assets/Materials/Platforms/Platform_4x4_Empty.fbx
  artifactKey: Guid(ed850b9afecc18c4aa33d22cb395eb82) Importer(815301076,1909f56bfc062723c751e8b465ee728b)
Start importing Assets/Materials/Platforms/Platform_4x4_Empty.fbx using Guid(ed850b9afecc18c4aa33d22cb395eb82) Importer(815301076,1909f56bfc062723c751e8b465ee728b)  -> (artifact id: 'cf2457499cf1cb03bb02133751f00ab2') in 0.020430 seconds 
  Import took 0.022814 seconds .

========================================================================
Received Import Request.
  Time since last request: 0.000219 seconds.
  path: Assets/Materials/Platforms/Platform_4x4_Empty.obj
  artifactKey: Guid(4d76ed4e055eee945a5ce6c4a2146f93) Importer(815301076,1909f56bfc062723c751e8b465ee728b)
Start importing Assets/Materials/Platforms/Platform_4x4_Empty.obj using Guid(4d76ed4e055eee945a5ce6c4a2146f93) Importer(815301076,1909f56bfc062723c751e8b465ee728b)  -> (artifact id: '26053c0305e71402fef56e0a9e4ea928') in 0.024343 seconds 
  Import took 0.026173 seconds .

========================================================================
Received Import Request.
  Time since last request: 0.000285 seconds.
  path: Assets/Materials/Platforms/Rail_Long.obj
  artifactKey: Guid(620912d0ff9aa5342bcb2750e89fa512) Importer(815301076,1909f56bfc062723c751e8b465ee728b)
Start importing Assets/Materials/Platforms/Rail_Long.obj using Guid(620912d0ff9aa5342bcb2750e89fa512) Importer(815301076,1909f56bfc062723c751e8b465ee728b)  -> (artifact id: 'f78d60b3131277452d73d08e46fcb9d4') in 0.017190 seconds 
  Import took 0.019371 seconds .

========================================================================
Received Import Request.
  Time since last request: 0.000230 seconds.
  path: Assets/Materials/Platforms/Rail_Short.fbx
  artifactKey: Guid(ffe2916b8f40ad54682ba4c5bd3ca972) Importer(815301076,1909f56bfc062723c751e8b465ee728b)
Start importing Assets/Materials/Platforms/Rail_Short.fbx using Guid(ffe2916b8f40ad54682ba4c5bd3ca972) Importer(815301076,1909f56bfc062723c751e8b465ee728b)  -> (artifact id: '37823d7c8a1a5aacb05819c02ccfe957') in 0.013382 seconds 
  Import took 0.015273 seconds .

========================================================================
Received Import Request.
  Time since last request: 0.000391 seconds.
  path: Assets/Materials/Platforms/Rail_Long.fbx
  artifactKey: Guid(c495a302f0f28534781bfd952e4fcc04) Importer(815301076,1909f56bfc062723c751e8b465ee728b)
Start importing Assets/Materials/Platforms/Rail_Long.fbx using Guid(c495a302f0f28534781bfd952e4fcc04) Importer(815301076,1909f56bfc062723c751e8b465ee728b)  -> (artifact id: '9b1242924a8af98547d48c734df670d5') in 0.015169 seconds 
  Import took 0.017112 seconds .

========================================================================
Received Import Request.
  Time since last request: 0.000250 seconds.
  path: Assets/Materials/Platforms/Sign_1.fbx
  artifactKey: Guid(31fa29c7d01e60941bfa081700e28b83) Importer(815301076,1909f56bfc062723c751e8b465ee728b)
Start importing Assets/Materials/Platforms/Sign_1.fbx using Guid(31fa29c7d01e60941bfa081700e28b83) Importer(815301076,1909f56bfc062723c751e8b465ee728b)  -> (artifact id: 'b608552e2c343fc29a31b3be08417125') in 0.017498 seconds 
  Import took 0.020353 seconds .

========================================================================
Received Import Request.
  Time since last request: 0.000191 seconds.
  path: Assets/Materials/Platforms/Platform_4x4.obj
  artifactKey: Guid(4e6d16ab65be83b4f930ecfc8aa1ffb5) Importer(815301076,1909f56bfc062723c751e8b465ee728b)
Start importing Assets/Materials/Platforms/Platform_4x4.obj using Guid(4e6d16ab65be83b4f930ecfc8aa1ffb5) Importer(815301076,1909f56bfc062723c751e8b465ee728b)  -> (artifact id: '112e5d97f48530dbd9da2f43f4a05352') in 0.033867 seconds 
  Import took 0.035698 seconds .

========================================================================
Received Import Request.
  Time since last request: 0.000265 seconds.
  path: Assets/Materials/Platforms/Rail_Corner_2.obj
  artifactKey: Guid(36e02dfe6be40254ab6ca224250418c3) Importer(815301076,1909f56bfc062723c751e8b465ee728b)
Start importing Assets/Materials/Platforms/Rail_Corner_2.obj using Guid(36e02dfe6be40254ab6ca224250418c3) Importer(815301076,1909f56bfc062723c751e8b465ee728b)  -> (artifact id: 'f4ad47a7f123196afbc7f5e4a5f44901') in 0.015573 seconds 
  Import took 0.017534 seconds .

========================================================================
Received Import Request.
  Time since last request: 0.916937 seconds.
  path: Assets/Materials/Platforms/Sign_1.obj
  artifactKey: Guid(7504ffb65680a8548ae84bcc1e07ebe1) Importer(815301076,1909f56bfc062723c751e8b465ee728b)
Start importing Assets/Materials/Platforms/Sign_1.obj using Guid(7504ffb65680a8548ae84bcc1e07ebe1) Importer(815301076,1909f56bfc062723c751e8b465ee728b)  -> (artifact id: 'ce9873b02542422db67891fb19827472') in 0.019551 seconds 
  Import took 0.021684 seconds .

========================================================================
Received Import Request.
  Time since last request: 0.000200 seconds.
  path: Assets/Materials/Platforms/Sign_2.fbx
  artifactKey: Guid(448ac850b332b7c4cb867da6814ca7ea) Importer(815301076,1909f56bfc062723c751e8b465ee728b)
Start importing Assets/Materials/Platforms/Sign_2.fbx using Guid(448ac850b332b7c4cb867da6814ca7ea) Importer(815301076,1909f56bfc062723c751e8b465ee728b)  -> (artifact id: 'a0146d2bacbe304ba6321f2ff7fe1e22') in 0.015741 seconds 
  Import took 0.018005 seconds .

========================================================================
Received Import Request.
  Time since last request: 0.000415 seconds.
  path: Assets/Materials/Platforms/Sign_4.fbx
  artifactKey: Guid(838f1f1bc3b201b4dbc809a450525bb4) Importer(815301076,1909f56bfc062723c751e8b465ee728b)
Start importing Assets/Materials/Platforms/Sign_4.fbx using Guid(838f1f1bc3b201b4dbc809a450525bb4) Importer(815301076,1909f56bfc062723c751e8b465ee728b)  -> (artifact id: 'e2ebdd367994500566a95e45cc780c75') in 0.016409 seconds 
  Import took 0.018617 seconds .

========================================================================
Received Import Request.
  Time since last request: 0.000186 seconds.
  path: Assets/Materials/Platforms/Sign_3.obj
  artifactKey: Guid(8e1e02690cd454c448098d0247d3a3f4) Importer(815301076,1909f56bfc062723c751e8b465ee728b)
Start importing Assets/Materials/Platforms/Sign_3.obj using Guid(8e1e02690cd454c448098d0247d3a3f4) Importer(815301076,1909f56bfc062723c751e8b465ee728b)  -> (artifact id: 'd4055c3cd3805404238f847694c5d8c9') in 0.021225 seconds 
  Import took 0.023367 seconds .

========================================================================
Received Import Request.
  Time since last request: 0.000278 seconds.
  path: Assets/Materials/Platforms/Sign_4.obj
  artifactKey: Guid(92382db94b080f84ebe5aa4a31ee4b0c) Importer(815301076,1909f56bfc062723c751e8b465ee728b)
Start importing Assets/Materials/Platforms/Sign_4.obj using Guid(92382db94b080f84ebe5aa4a31ee4b0c) Importer(815301076,1909f56bfc062723c751e8b465ee728b)  -> (artifact id: 'bb1326a13c7ffc35c67b046e1c1c2f9c') in 0.019291 seconds 
  Import took 0.021074 seconds .

========================================================================
Received Import Request.
  Time since last request: 0.000189 seconds.
  path: Assets/Materials/Platforms/Sign_3.fbx
  artifactKey: Guid(d04540e9d49ee3745b4d083eece4f28d) Importer(815301076,1909f56bfc062723c751e8b465ee728b)
Start importing Assets/Materials/Platforms/Sign_3.fbx using Guid(d04540e9d49ee3745b4d083eece4f28d) Importer(815301076,1909f56bfc062723c751e8b465ee728b)  -> (artifact id: 'ec2057e6b7317984aa84e24f161ceb88') in 0.016873 seconds 
  Import took 0.018889 seconds .

========================================================================
Received Import Request.
  Time since last request: 0.000206 seconds.
  path: Assets/Materials/Platforms/Sign_2.obj
  artifactKey: Guid(c3205fa008de97a489f197cbb23c02e5) Importer(815301076,1909f56bfc062723c751e8b465ee728b)
Start importing Assets/Materials/Platforms/Sign_2.obj using Guid(c3205fa008de97a489f197cbb23c02e5) Importer(815301076,1909f56bfc062723c751e8b465ee728b)  -> (artifact id: '98d33243cc96808dd42d5d660a2b93b1') in 0.020422 seconds 
  Import took 0.022822 seconds .

========================================================================
Received Import Request.
  Time since last request: 30.475354 seconds.
  path: Assets/Materials/Platforms/Sign_Corner_1.fbx
  artifactKey: Guid(03737453869fbd54081c4f7e950a2216) Importer(815301076,1909f56bfc062723c751e8b465ee728b)
Start importing Assets/Materials/Platforms/Sign_Corner_1.fbx using Guid(03737453869fbd54081c4f7e950a2216) Importer(815301076,1909f56bfc062723c751e8b465ee728b)  -> (artifact id: 'ffe47719316e16bbaf2cd8cedd8678be') in 0.023362 seconds 
  Import took 0.025232 seconds .

========================================================================
Received Import Request.
  Time since last request: 0.000397 seconds.
  path: Assets/Materials/Platforms/Sign_Corner_2.fbx
  artifactKey: Guid(1199ed47e5cfffe4897ce48d277ba329) Importer(815301076,1909f56bfc062723c751e8b465ee728b)
Start importing Assets/Materials/Platforms/Sign_Corner_2.fbx using Guid(1199ed47e5cfffe4897ce48d277ba329) Importer(815301076,1909f56bfc062723c751e8b465ee728b)  -> (artifact id: '81cf8ec22b2a42ff94c96f38fc4fa037') in 0.021352 seconds 
  Import took 0.023226 seconds .

========================================================================
Received Import Request.
  Time since last request: 0.000172 seconds.
  path: Assets/Materials/Platforms/Sign_Corner_1.obj
  artifactKey: Guid(1d0fa871d0f9a1f4ab7916e8436cd295) Importer(815301076,1909f56bfc062723c751e8b465ee728b)
Start importing Assets/Materials/Platforms/Sign_Corner_1.obj using Guid(1d0fa871d0f9a1f4ab7916e8436cd295) Importer(815301076,1909f56bfc062723c751e8b465ee728b)  -> (artifact id: '90bbe650cd4221b3a3eca012a1d1771b') in 0.040857 seconds 
  Import took 0.042693 seconds .

========================================================================
Received Import Request.
  Time since last request: 0.000315 seconds.
  path: Assets/Materials/Platforms/Sign_Corner_2.obj
  artifactKey: Guid(ce0285a2824f0ce49bc69b2ed87dd8b2) Importer(815301076,1909f56bfc062723c751e8b465ee728b)
Start importing Assets/Materials/Platforms/Sign_Corner_2.obj using Guid(ce0285a2824f0ce49bc69b2ed87dd8b2) Importer(815301076,1909f56bfc062723c751e8b465ee728b)  -> (artifact id: '234a87358975523119c9b173bab6924f') in 0.033161 seconds 
  Import took 0.035048 seconds .

========================================================================
Received Import Request.
  Time since last request: 0.000190 seconds.
  path: Assets/Materials/Platforms/Sign_Corner_3.obj
  artifactKey: Guid(731c376e826f0964392370ccd3c53915) Importer(815301076,1909f56bfc062723c751e8b465ee728b)
Start importing Assets/Materials/Platforms/Sign_Corner_3.obj using Guid(731c376e826f0964392370ccd3c53915) Importer(815301076,1909f56bfc062723c751e8b465ee728b)  -> (artifact id: 'ff0d24517ecdd344d065c31c82d51c26') in 0.043806 seconds 
  Import took 0.045544 seconds .

========================================================================
Received Import Request.
  Time since last request: 0.000312 seconds.
  path: Assets/Materials/Platforms/Sign_Corner_3.fbx
  artifactKey: Guid(bfd0114619aa654478cea34a63849cfb) Importer(815301076,1909f56bfc062723c751e8b465ee728b)
Start importing Assets/Materials/Platforms/Sign_Corner_3.fbx using Guid(bfd0114619aa654478cea34a63849cfb) Importer(815301076,1909f56bfc062723c751e8b465ee728b)  -> (artifact id: 'deaeb38bdf44139a697fe1fba6415e26') in 0.034623 seconds 
  Import took 0.036342 seconds .

========================================================================
Received Import Request.
  Time since last request: 0.000267 seconds.
  path: Assets/Materials/Platforms/Sign_Corner_3_Fenced.fbx
  artifactKey: Guid(4a9ab50f0baf71e499e1c9fc26fb616c) Importer(815301076,1909f56bfc062723c751e8b465ee728b)
Start importing Assets/Materials/Platforms/Sign_Corner_3_Fenced.fbx using Guid(4a9ab50f0baf71e499e1c9fc26fb616c) Importer(815301076,1909f56bfc062723c751e8b465ee728b)  -> (artifact id: '38cca93eb980b1a347a431033677ffe1') in 0.032802 seconds 
  Import took 0.034797 seconds .

========================================================================
Received Import Request.
  Time since last request: 1.627061 seconds.
  path: Assets/Materials/Platforms/Sign_Corner_3_Fenced.obj
  artifactKey: Guid(c5859943a62b09d48884b290379676b4) Importer(815301076,1909f56bfc062723c751e8b465ee728b)
Start importing Assets/Materials/Platforms/Sign_Corner_3_Fenced.obj using Guid(c5859943a62b09d48884b290379676b4) Importer(815301076,1909f56bfc062723c751e8b465ee728b)  -> (artifact id: '0ab5611d1baa64ca507258e78bd2c92e') in 0.019241 seconds 
  Import took 0.021008 seconds .

========================================================================
Received Import Request.
  Time since last request: 0.000257 seconds.
  path: Assets/Materials/Platforms/Sign_Corner_Hazard.obj
  artifactKey: Guid(b3ff1acaeea065f43a0daa06d34642b1) Importer(815301076,1909f56bfc062723c751e8b465ee728b)
Start importing Assets/Materials/Platforms/Sign_Corner_Hazard.obj using Guid(b3ff1acaeea065f43a0daa06d34642b1) Importer(815301076,1909f56bfc062723c751e8b465ee728b)  -> (artifact id: 'ce3774fe3629832f9aacd12aca89b0fd') in 0.017891 seconds 
  Import took 0.019615 seconds .

========================================================================
Received Import Request.
  Time since last request: 0.000176 seconds.
  path: Assets/Materials/Platforms/Sign_Small_2.fbx
  artifactKey: Guid(1e2c026ca8c3773418468363f9707a5f) Importer(815301076,1909f56bfc062723c751e8b465ee728b)
Start importing Assets/Materials/Platforms/Sign_Small_2.fbx using Guid(1e2c026ca8c3773418468363f9707a5f) Importer(815301076,1909f56bfc062723c751e8b465ee728b)  -> (artifact id: '8e2f470b9f646d089ed95943bcb465d6') in 0.015871 seconds 
  Import took 0.017676 seconds .

========================================================================
Received Import Request.
  Time since last request: 0.000186 seconds.
  path: Assets/Materials/Platforms/Support_Long.fbx
  artifactKey: Guid(64656c4f6f7da2341af08464605a2221) Importer(815301076,1909f56bfc062723c751e8b465ee728b)
Start importing Assets/Materials/Platforms/Support_Long.fbx using Guid(64656c4f6f7da2341af08464605a2221) Importer(815301076,1909f56bfc062723c751e8b465ee728b)  -> (artifact id: '62eec893284b191aaaf7f78a54ef65ab') in 0.015699 seconds 
  Import took 0.017557 seconds .

========================================================================
Received Import Request.
  Time since last request: 0.000195 seconds.
  path: Assets/Materials/Platforms/Sign_Corner_Small1.fbx
  artifactKey: Guid(f9e1511d65ceb2b4e87dce67b8dabbf5) Importer(815301076,1909f56bfc062723c751e8b465ee728b)
Start importing Assets/Materials/Platforms/Sign_Corner_Small1.fbx using Guid(f9e1511d65ceb2b4e87dce67b8dabbf5) Importer(815301076,1909f56bfc062723c751e8b465ee728b)  -> (artifact id: 'f91cb2a7f5424a675655fd8d00fc6d35') in 0.015345 seconds 
  Import took 0.017665 seconds .

========================================================================
Received Import Request.
  Time since last request: 0.000550 seconds.
  path: Assets/Materials/Platforms/Sign_Small_3.obj
  artifactKey: Guid(a7243adae68b6454abf9d8b6012ebf6b) Importer(815301076,1909f56bfc062723c751e8b465ee728b)
Start importing Assets/Materials/Platforms/Sign_Small_3.obj using Guid(a7243adae68b6454abf9d8b6012ebf6b) Importer(815301076,1909f56bfc062723c751e8b465ee728b)  -> (artifact id: '396fa37095c903a5eada984eb05acb51') in 0.018943 seconds 
  Import took 0.020718 seconds .

========================================================================
Received Import Request.
  Time since last request: 0.000260 seconds.
  path: Assets/Materials/Platforms/Support.obj
  artifactKey: Guid(6ff639b85599f994998572a77655fc2e) Importer(815301076,1909f56bfc062723c751e8b465ee728b)
Start importing Assets/Materials/Platforms/Support.obj using Guid(6ff639b85599f994998572a77655fc2e) Importer(815301076,1909f56bfc062723c751e8b465ee728b)  -> (artifact id: '233b8d59670545772bafbada2cb777cf') in 0.020104 seconds 
  Import took 0.021831 seconds .

========================================================================
Received Import Request.
  Time since last request: 0.000215 seconds.
  path: Assets/Materials/Platforms/Support_Short.obj
  artifactKey: Guid(9cfb4929f62b3a94087c93e1d81d4e08) Importer(815301076,1909f56bfc062723c751e8b465ee728b)
Start importing Assets/Materials/Platforms/Support_Short.obj using Guid(9cfb4929f62b3a94087c93e1d81d4e08) Importer(815301076,1909f56bfc062723c751e8b465ee728b)  -> (artifact id: 'e5e5b38799e0d62b22ff340fa9b58812') in 0.018646 seconds 
  Import took 0.020803 seconds .

========================================================================
Received Import Request.
  Time since last request: 0.000286 seconds.
  path: Assets/Materials/Platforms/Support_Long.obj
  artifactKey: Guid(04d03ec53462b3246a07aab9ace638cd) Importer(815301076,1909f56bfc062723c751e8b465ee728b)
Start importing Assets/Materials/Platforms/Support_Long.obj using Guid(04d03ec53462b3246a07aab9ace638cd) Importer(815301076,1909f56bfc062723c751e8b465ee728b)  -> (artifact id: 'b18c3264e2696841049e2c3e79c87a1b') in 0.018627 seconds 
  Import took 0.020465 seconds .

========================================================================
Received Import Request.
  Time since last request: 0.000207 seconds.
  path: Assets/Materials/Platforms/Sign_Small_1.fbx
  artifactKey: Guid(27d50d088f658104ebaf6ae0541319ec) Importer(815301076,1909f56bfc062723c751e8b465ee728b)
Start importing Assets/Materials/Platforms/Sign_Small_1.fbx using Guid(27d50d088f658104ebaf6ae0541319ec) Importer(815301076,1909f56bfc062723c751e8b465ee728b)  -> (artifact id: '57b6400480c65b07da4b70aa19a13b4b') in 0.016578 seconds 
  Import took 0.018336 seconds .

========================================================================
Received Import Request.
  Time since last request: 0.000191 seconds.
  path: Assets/Materials/Platforms/Sign_Corner_Hazard.fbx
  artifactKey: Guid(f8724bd1250a5734aa946a5b28e7a40d) Importer(815301076,1909f56bfc062723c751e8b465ee728b)
Start importing Assets/Materials/Platforms/Sign_Corner_Hazard.fbx using Guid(f8724bd1250a5734aa946a5b28e7a40d) Importer(815301076,1909f56bfc062723c751e8b465ee728b)  -> (artifact id: 'b4ef185c560b83e4b72c827f0f307b2e') in 0.016146 seconds 
  Import took 0.017873 seconds .

========================================================================
Received Import Request.
  Time since last request: 0.000215 seconds.
  path: Assets/Materials/Platforms/Sign_Corner_Small2.fbx
  artifactKey: Guid(d202603d8181e7843bbb11b3b194f3d1) Importer(815301076,1909f56bfc062723c751e8b465ee728b)
Start importing Assets/Materials/Platforms/Sign_Corner_Small2.fbx using Guid(d202603d8181e7843bbb11b3b194f3d1) Importer(815301076,1909f56bfc062723c751e8b465ee728b)  -> (artifact id: 'cd6b73e39b985a440a198317839537d0') in 0.016196 seconds 
  Import took 0.017995 seconds .

========================================================================
Received Import Request.
  Time since last request: 0.000250 seconds.
  path: Assets/Materials/Platforms/Support_Short.fbx
  artifactKey: Guid(b5e18b51d9368d341ad5339330cb8746) Importer(815301076,1909f56bfc062723c751e8b465ee728b)
Start importing Assets/Materials/Platforms/Support_Short.fbx using Guid(b5e18b51d9368d341ad5339330cb8746) Importer(815301076,1909f56bfc062723c751e8b465ee728b)  -> (artifact id: 'a84cd20d99e93007b8ca2a14afbd1fea') in 0.016633 seconds 
  Import took 0.018398 seconds .

========================================================================
Received Import Request.
  Time since last request: 0.000419 seconds.
  path: Assets/Materials/Platforms/TV_3.fbx
  artifactKey: Guid(8fb2cc4fd8a45434c8110780d5440406) Importer(815301076,1909f56bfc062723c751e8b465ee728b)
Start importing Assets/Materials/Platforms/TV_3.fbx using Guid(8fb2cc4fd8a45434c8110780d5440406) Importer(815301076,1909f56bfc062723c751e8b465ee728b)  -> (artifact id: '109437a047fdab340ad483167bca15cf') in 0.021864 seconds 
  Import took 0.023740 seconds .

========================================================================
Received Import Request.
  Time since last request: 0.000322 seconds.
  path: Assets/Materials/Platforms/TV_2.obj
  artifactKey: Guid(6fd90a2944d6a3a4291fcc415dbff078) Importer(815301076,1909f56bfc062723c751e8b465ee728b)
Start importing Assets/Materials/Platforms/TV_2.obj using Guid(6fd90a2944d6a3a4291fcc415dbff078) Importer(815301076,1909f56bfc062723c751e8b465ee728b)  -> (artifact id: '2bacb36ef47947635973328ea7596b94') in 0.024975 seconds 
  Import took 0.026757 seconds .

========================================================================
Received Import Request.
  Time since last request: 0.000214 seconds.
  path: Assets/Materials/Platforms/TV_3.obj
  artifactKey: Guid(1a8e03d85da0ad941a8ba99cd5837884) Importer(815301076,1909f56bfc062723c751e8b465ee728b)
Start importing Assets/Materials/Platforms/TV_3.obj using Guid(1a8e03d85da0ad941a8ba99cd5837884) Importer(815301076,1909f56bfc062723c751e8b465ee728b)  -> (artifact id: 'a0aaf8df2f16163bd376861d408d25c2') in 0.026246 seconds 
  Import took 0.027999 seconds .

========================================================================
Received Import Request.
  Time since last request: 0.000255 seconds.
  path: Assets/Materials/Platforms/Support.fbx
  artifactKey: Guid(ab1c7a0e862e0734cab4d0bd0998beaf) Importer(815301076,1909f56bfc062723c751e8b465ee728b)
Start importing Assets/Materials/Platforms/Support.fbx using Guid(ab1c7a0e862e0734cab4d0bd0998beaf) Importer(815301076,1909f56bfc062723c751e8b465ee728b)  -> (artifact id: '6490b35aaa185033a80bdce75f207a6e') in 0.014985 seconds 
  Import took 0.016750 seconds .

========================================================================
Received Import Request.
  Time since last request: 0.000187 seconds.
  path: Assets/Materials/Platforms/Sign_Corner_Small1.obj
  artifactKey: Guid(6644a13940ff6ff49948f75c91e74fa5) Importer(815301076,1909f56bfc062723c751e8b465ee728b)
Start importing Assets/Materials/Platforms/Sign_Corner_Small1.obj using Guid(6644a13940ff6ff49948f75c91e74fa5) Importer(815301076,1909f56bfc062723c751e8b465ee728b)  -> (artifact id: 'bd2074a9b2fc3735ee92fa03f4b6dd39') in 0.020136 seconds 
  Import took 0.021986 seconds .

========================================================================
Received Import Request.
  Time since last request: 0.000249 seconds.
  path: Assets/Materials/Platforms/Sign_Small_2.obj
  artifactKey: Guid(edfcbc9c647246345b625c8c7e53b95e) Importer(815301076,1909f56bfc062723c751e8b465ee728b)
Start importing Assets/Materials/Platforms/Sign_Small_2.obj using Guid(edfcbc9c647246345b625c8c7e53b95e) Importer(815301076,1909f56bfc062723c751e8b465ee728b)  -> (artifact id: '2c4bf3bc6046d2c91c5be447b6504bee') in 0.019096 seconds 
  Import took 0.021053 seconds .

========================================================================
Received Import Request.
  Time since last request: 0.000255 seconds.
  path: Assets/Materials/Platforms/TV_2.fbx
  artifactKey: Guid(845bb345c21c66141a58c07240788b42) Importer(815301076,1909f56bfc062723c751e8b465ee728b)
Start importing Assets/Materials/Platforms/TV_2.fbx using Guid(845bb345c21c66141a58c07240788b42) Importer(815301076,1909f56bfc062723c751e8b465ee728b)  -> (artifact id: 'a75dd1eb719d037773745daea9a3bc2a') in 0.022887 seconds 
  Import took 0.024655 seconds .

========================================================================
Received Import Request.
  Time since last request: 0.000227 seconds.
  path: Assets/Materials/Platforms/TV_1.obj
  artifactKey: Guid(9933f3d9e1c407d4ca8678c096234e12) Importer(815301076,1909f56bfc062723c751e8b465ee728b)
Start importing Assets/Materials/Platforms/TV_1.obj using Guid(9933f3d9e1c407d4ca8678c096234e12) Importer(815301076,1909f56bfc062723c751e8b465ee728b)  -> (artifact id: '91320b9cff9570b3bb4f1fc2bd13cd00') in 0.027692 seconds 
  Import took 0.029489 seconds .

========================================================================
Received Import Request.
  Time since last request: 0.000236 seconds.
  path: Assets/Materials/Platforms/Sign_Corner_Small2.obj
  artifactKey: Guid(5003cdbe19268d64599db37a8252f404) Importer(815301076,1909f56bfc062723c751e8b465ee728b)
Start importing Assets/Materials/Platforms/Sign_Corner_Small2.obj using Guid(5003cdbe19268d64599db37a8252f404) Importer(815301076,1909f56bfc062723c751e8b465ee728b)  -> (artifact id: 'cbb093fa781756d4031c3b9e940f6926') in 0.019256 seconds 
  Import took 0.021035 seconds .

========================================================================
Received Import Request.
  Time since last request: 0.000257 seconds.
  path: Assets/Materials/Platforms/Sign_Small_1.obj
  artifactKey: Guid(408e1794cc775574eb5e0b7e12b07b95) Importer(815301076,1909f56bfc062723c751e8b465ee728b)
Start importing Assets/Materials/Platforms/Sign_Small_1.obj using Guid(408e1794cc775574eb5e0b7e12b07b95) Importer(815301076,1909f56bfc062723c751e8b465ee728b)  -> (artifact id: 'a086cfaad2762a88c7064146d2d264f4') in 0.018523 seconds 
  Import took 0.020244 seconds .

========================================================================
Received Import Request.
  Time since last request: 0.000183 seconds.
  path: Assets/Materials/Platforms/TV_1.fbx
  artifactKey: Guid(82f626224b86bc04dac55745e6026f0d) Importer(815301076,1909f56bfc062723c751e8b465ee728b)
Start importing Assets/Materials/Platforms/TV_1.fbx using Guid(82f626224b86bc04dac55745e6026f0d) Importer(815301076,1909f56bfc062723c751e8b465ee728b)  -> (artifact id: '356c46935693cbc983356205d8f2c5c5') in 0.022441 seconds 
  Import took 0.024336 seconds .

========================================================================
Received Import Request.
  Time since last request: 0.000226 seconds.
  path: Assets/Materials/Platforms/Sign_Small_3.fbx
  artifactKey: Guid(0540a6dae476ba045984717867ec59c7) Importer(815301076,1909f56bfc062723c751e8b465ee728b)
Start importing Assets/Materials/Platforms/Sign_Small_3.fbx using Guid(0540a6dae476ba045984717867ec59c7) Importer(815301076,1909f56bfc062723c751e8b465ee728b)  -> (artifact id: '69516307f526f1aefd97883f21d2cd92') in 0.016730 seconds 
  Import took 0.019082 seconds .

========================================================================
Received Import Request.
  Time since last request: 37.103139 seconds.
  path: Assets/Materials/Character/Character.mtl
  artifactKey: Guid(ed361e47c191c214caf6f8feb651252f) Importer(815301076,1909f56bfc062723c751e8b465ee728b)
Start importing Assets/Materials/Character/Character.mtl using Guid(ed361e47c191c214caf6f8feb651252f) Importer(815301076,1909f56bfc062723c751e8b465ee728b)  -> (artifact id: '73a9d920105bed87dd633c4f478c0995') in 0.006981 seconds 
  Import took 0.009006 seconds .

========================================================================
Received Import Request.
  Time since last request: 0.000392 seconds.
  path: Assets/Materials/Character/Character.mtl
  artifactKey: Guid(ed361e47c191c214caf6f8feb651252f) Importer(815301076,1909f56bfc062723c751e8b465ee728b)
Start importing Assets/Materials/Character/Character.mtl using Guid(ed361e47c191c214caf6f8feb651252f) Importer(815301076,1909f56bfc062723c751e8b465ee728b)  -> (artifact id: '73a9d920105bed87dd633c4f478c0995') in 0.003262 seconds 
  Import took 0.005361 seconds .

========================================================================
Received Prepare
Registering precompiled user dll's ...
Registered in 0.004979 seconds.
Begin MonoManager ReloadAssembly
Native extension for WindowsStandalone target not found
Refreshing native plugins compatible for Editor in 0.26 ms, found 2 plugins.
Preloading 0 native plugins for Editor in 0.00 ms.
Mono: successfully reloaded assembly
- Completed reload, in  0.550 seconds
Domain Reload Profiling:
	ReloadAssembly (550ms)
		BeginReloadAssembly (79ms)
			ExecutionOrderSort (0ms)
			DisableScriptedObjects (2ms)
			BackupInstance (0ms)
			ReleaseScriptingObjects (0ms)
			CreateAndSetChildDomain (21ms)
		EndReloadAssembly (436ms)
			LoadAssemblies (48ms)
			RebuildTransferFunctionScriptingTraits (0ms)
			SetupTypeCache (142ms)
			ReleaseScriptCaches (1ms)
			RebuildScriptCaches (19ms)
			SetupLoadedEditorAssemblies (173ms)
				LogAssemblyErrors (0ms)
				InitializePlatformSupportModulesInManaged (3ms)
				SetLoadedEditorAssemblies (0ms)
				RefreshPlugins (0ms)
				BeforeProcessingInitializeOnLoad (42ms)
				ProcessInitializeOnLoadAttributes (122ms)
				ProcessInitializeOnLoadMethodAttributes (2ms)
				AfterProcessingInitializeOnLoad (3ms)
				EditorAssembliesLoaded (0ms)
			ExecutionOrderSort2 (0ms)
			AwakeInstancesAfterBackupRestoration (4ms)
Platform modules already initialized, skipping
Refreshing native plugins compatible for Editor in 0.31 ms, found 2 plugins.
Preloading 0 native plugins for Editor in 0.00 ms.
Unloading 1390 Unused Serialized files (Serialized files now loaded: 0)
System memory in use before: 83.3 MB.
System memory in use after: 83.4 MB.

Unloading 11 unused Assets to reduce memory usage. Loaded Objects now: 1877.
Total: 1.680500 ms (FindLiveObjects: 0.099700 ms CreateObjectMapping: 0.021200 ms MarkObjects: 1.545300 ms  DeleteObjects: 0.013600 ms)

AssetImportParameters requested are different than current active one (requested -> active):
  custom:framework-win-MediaFoundation: 216162199b28c13a410421893ffa2e32 -> 
  custom:video-decoder-ogg-theora: a1e56fd34408186e4bbccfd4996cb3dc -> 
  custom:container-muxer-webm: aa71ff27fc2769a1b78a27578f13a17b -> 
  custom:container-demuxer-webm: 4f35f7cbe854078d1ac9338744f61a02 -> 
  custom:container-demuxer-ogg: 62fdf1f143b41e24485cea50d1cbac27 -> 
  custom:video-encoder-webm-vp8: eb34c28f22e8b96e1ab97ce403110664 -> 
  custom:video-codec-MediaFoundation-h265: 746d11721c4dcdbdad8f713fa42b33f4 -> 
  custom:video-decoder-webm-vp8: 9c59270c3fd7afecdb556c50c9e8de78 -> 
  custom:audio-decoder-ogg-vorbis: bf7c407c2cedff20999df2af8eb42d56 -> 
  custom:audio-encoder-webm-vorbis: bf7c407c2cedff20999df2af8eb42d56 -> 
AssetImportWorkerClient::OnTransportError - code=2 error=End of file
